[0.125s] DEBUG:colcon:Command line arguments: ['/usr/bin/colcon', 'build']
[0.125s] DEBUG:colcon:Parsed command line arguments: Namespace(log_base=None, log_level=None, verb_name='build', build_base='build', install_base='install', merge_install=False, symlink_install=False, test_result_base=None, continue_on_error=False, executor='parallel', parallel_workers=7, event_handlers=None, ignore_user_meta=False, metas=['./colcon.meta'], base_paths=['.'], packages_ignore=None, packages_ignore_regex=None, paths=None, packages_up_to=None, packages_up_to_regex=None, packages_above=None, packages_above_and_dependencies=None, packages_above_depth=None, packages_select_by_dep=None, packages_skip_by_dep=None, packages_skip_up_to=None, packages_select_build_failed=False, packages_skip_build_finished=False, packages_select_test_failures=False, packages_skip_test_passed=False, packages_select=None, packages_skip=None, packages_select_regex=None, packages_skip_regex=None, packages_start=None, packages_end=None, allow_overriding=[], cmake_args=None, cmake_target=None, cmake_target_skip_unavailable=False, cmake_clean_cache=False, cmake_clean_first=False, cmake_force_configure=False, ament_cmake_args=None, catkin_cmake_args=None, catkin_skip_building_tests=False, mixin_files=None, mixin=None, verb_parser=<colcon_mixin.mixin.mixin_argument.MixinArgumentDecorator object at 0x77a047a29ab0>, verb_extension=<colcon_core.verb.build.BuildVerb object at 0x77a047a29570>, main=<bound method BuildVerb.main of <colcon_core.verb.build.BuildVerb object at 0x77a047a29570>>, mixin_verb=('build',))
[0.306s] Level 1:colcon.colcon_core.package_discovery:discover_packages(colcon_meta) check parameters
[0.306s] Level 1:colcon.colcon_core.package_discovery:discover_packages(recursive) check parameters
[0.306s] Level 1:colcon.colcon_core.package_discovery:discover_packages(ignore) check parameters
[0.306s] Level 1:colcon.colcon_core.package_discovery:discover_packages(path) check parameters
[0.306s] Level 1:colcon.colcon_core.package_discovery:discover_packages(colcon_meta) discover
[0.306s] Level 1:colcon.colcon_core.package_discovery:discover_packages(recursive) discover
[0.306s] INFO:colcon.colcon_core.package_discovery:Crawling recursively for packages in '/home/vella/Desktop/ros2_ws_2'
[0.306s] Level 1:colcon.colcon_core.package_identification:_identify(.) by extensions ['ignore', 'ignore_ament_install']
[0.306s] Level 1:colcon.colcon_core.package_identification:_identify(.) by extension 'ignore'
[0.307s] Level 1:colcon.colcon_core.package_identification:_identify(.) by extension 'ignore_ament_install'
[0.307s] Level 1:colcon.colcon_core.package_identification:_identify(.) by extensions ['colcon_pkg']
[0.307s] Level 1:colcon.colcon_core.package_identification:_identify(.) by extension 'colcon_pkg'
[0.307s] Level 1:colcon.colcon_core.package_identification:_identify(.) by extensions ['colcon_meta']
[0.307s] Level 1:colcon.colcon_core.package_identification:_identify(.) by extension 'colcon_meta'
[0.307s] Level 1:colcon.colcon_core.package_identification:_identify(.) by extensions ['ros']
[0.307s] Level 1:colcon.colcon_core.package_identification:_identify(.) by extension 'ros'
[0.317s] Level 1:colcon.colcon_core.package_identification:_identify(.) by extensions ['cmake', 'python']
[0.317s] Level 1:colcon.colcon_core.package_identification:_identify(.) by extension 'cmake'
[0.317s] Level 1:colcon.colcon_core.package_identification:_identify(.) by extension 'python'
[0.317s] Level 1:colcon.colcon_core.package_identification:_identify(.) by extensions ['python_setup_py']
[0.317s] Level 1:colcon.colcon_core.package_identification:_identify(.) by extension 'python_setup_py'
[0.317s] Level 1:colcon.colcon_core.package_identification:_identify(build) by extensions ['ignore', 'ignore_ament_install']
[0.317s] Level 1:colcon.colcon_core.package_identification:_identify(build) by extension 'ignore'
[0.317s] Level 1:colcon.colcon_core.package_identification:_identify(build) ignored
[0.317s] Level 1:colcon.colcon_core.package_identification:_identify(install) by extensions ['ignore', 'ignore_ament_install']
[0.318s] Level 1:colcon.colcon_core.package_identification:_identify(install) by extension 'ignore'
[0.318s] Level 1:colcon.colcon_core.package_identification:_identify(install) ignored
[0.318s] Level 1:colcon.colcon_core.package_identification:_identify(log) by extensions ['ignore', 'ignore_ament_install']
[0.318s] Level 1:colcon.colcon_core.package_identification:_identify(log) by extension 'ignore'
[0.318s] Level 1:colcon.colcon_core.package_identification:_identify(log) ignored
[0.318s] Level 1:colcon.colcon_core.package_identification:_identify(src) by extensions ['ignore', 'ignore_ament_install']
[0.318s] Level 1:colcon.colcon_core.package_identification:_identify(src) by extension 'ignore'
[0.318s] Level 1:colcon.colcon_core.package_identification:_identify(src) by extension 'ignore_ament_install'
[0.318s] Level 1:colcon.colcon_core.package_identification:_identify(src) by extensions ['colcon_pkg']
[0.318s] Level 1:colcon.colcon_core.package_identification:_identify(src) by extension 'colcon_pkg'
[0.318s] Level 1:colcon.colcon_core.package_identification:_identify(src) by extensions ['colcon_meta']
[0.318s] Level 1:colcon.colcon_core.package_identification:_identify(src) by extension 'colcon_meta'
[0.318s] Level 1:colcon.colcon_core.package_identification:_identify(src) by extensions ['ros']
[0.318s] Level 1:colcon.colcon_core.package_identification:_identify(src) by extension 'ros'
[0.318s] Level 1:colcon.colcon_core.package_identification:_identify(src) by extensions ['cmake', 'python']
[0.318s] Level 1:colcon.colcon_core.package_identification:_identify(src) by extension 'cmake'
[0.318s] Level 1:colcon.colcon_core.package_identification:_identify(src) by extension 'python'
[0.319s] Level 1:colcon.colcon_core.package_identification:_identify(src) by extensions ['python_setup_py']
[0.319s] Level 1:colcon.colcon_core.package_identification:_identify(src) by extension 'python_setup_py'
[0.319s] Level 1:colcon.colcon_core.package_identification:_identify(src/turtlesim_automata) by extensions ['ignore', 'ignore_ament_install']
[0.319s] Level 1:colcon.colcon_core.package_identification:_identify(src/turtlesim_automata) by extension 'ignore'
[0.319s] Level 1:colcon.colcon_core.package_identification:_identify(src/turtlesim_automata) by extension 'ignore_ament_install'
[0.319s] Level 1:colcon.colcon_core.package_identification:_identify(src/turtlesim_automata) by extensions ['colcon_pkg']
[0.319s] Level 1:colcon.colcon_core.package_identification:_identify(src/turtlesim_automata) by extension 'colcon_pkg'
[0.319s] Level 1:colcon.colcon_core.package_identification:_identify(src/turtlesim_automata) by extensions ['colcon_meta']
[0.319s] Level 1:colcon.colcon_core.package_identification:_identify(src/turtlesim_automata) by extension 'colcon_meta'
[0.319s] Level 1:colcon.colcon_core.package_identification:_identify(src/turtlesim_automata) by extensions ['ros']
[0.319s] Level 1:colcon.colcon_core.package_identification:_identify(src/turtlesim_automata) by extension 'ros'
[0.321s] DEBUG:colcon.colcon_core.package_identification:Package 'src/turtlesim_automata' with type 'ros.ament_cmake' and name 'turtlesim_automata'
[0.321s] Level 1:colcon.colcon_core.package_discovery:discover_packages(recursive) using defaults
[0.321s] Level 1:colcon.colcon_core.package_discovery:discover_packages(ignore) discover
[0.321s] Level 1:colcon.colcon_core.package_discovery:discover_packages(ignore) using defaults
[0.321s] Level 1:colcon.colcon_core.package_discovery:discover_packages(path) discover
[0.321s] Level 1:colcon.colcon_core.package_discovery:discover_packages(path) using defaults
[0.344s] Level 1:colcon.colcon_core.package_discovery:discover_packages(prefix_path) check parameters
[0.344s] Level 1:colcon.colcon_core.package_discovery:discover_packages(prefix_path) discover
[0.366s] DEBUG:colcon.colcon_installed_package_information.package_discovery:Found 1 installed packages in /home/vella/Desktop/ros2_ws/install
[0.368s] DEBUG:colcon.colcon_installed_package_information.package_discovery:Found 308 installed packages in /opt/ros/humble
[0.370s] Level 1:colcon.colcon_core.package_discovery:discover_packages(prefix_path) using defaults
[0.425s] Level 5:colcon.colcon_core.verb:set package 'turtlesim_automata' build argument 'cmake_args' from command line to 'None'
[0.428s] Level 5:colcon.colcon_core.verb:set package 'turtlesim_automata' build argument 'cmake_target' from command line to 'None'
[0.428s] Level 5:colcon.colcon_core.verb:set package 'turtlesim_automata' build argument 'cmake_target_skip_unavailable' from command line to 'False'
[0.428s] Level 5:colcon.colcon_core.verb:set package 'turtlesim_automata' build argument 'cmake_clean_cache' from command line to 'False'
[0.428s] Level 5:colcon.colcon_core.verb:set package 'turtlesim_automata' build argument 'cmake_clean_first' from command line to 'False'
[0.428s] Level 5:colcon.colcon_core.verb:set package 'turtlesim_automata' build argument 'cmake_force_configure' from command line to 'False'
[0.428s] Level 5:colcon.colcon_core.verb:set package 'turtlesim_automata' build argument 'ament_cmake_args' from command line to 'None'
[0.428s] Level 5:colcon.colcon_core.verb:set package 'turtlesim_automata' build argument 'catkin_cmake_args' from command line to 'None'
[0.428s] Level 5:colcon.colcon_core.verb:set package 'turtlesim_automata' build argument 'catkin_skip_building_tests' from command line to 'False'
[0.428s] DEBUG:colcon.colcon_core.verb:Building package 'turtlesim_automata' with the following arguments: {'ament_cmake_args': None, 'build_base': '/home/vella/Desktop/ros2_ws_2/build/turtlesim_automata', 'catkin_cmake_args': None, 'catkin_skip_building_tests': False, 'cmake_args': None, 'cmake_clean_cache': False, 'cmake_clean_first': False, 'cmake_force_configure': False, 'cmake_target': None, 'cmake_target_skip_unavailable': False, 'install_base': '/home/vella/Desktop/ros2_ws_2/install/turtlesim_automata', 'merge_install': False, 'path': '/home/vella/Desktop/ros2_ws_2/src/turtlesim_automata', 'symlink_install': False, 'test_result_base': None}
[0.428s] INFO:colcon.colcon_core.executor:Executing jobs using 'parallel' executor
[0.430s] DEBUG:colcon.colcon_parallel_executor.executor.parallel:run_until_complete
[0.430s] INFO:colcon.colcon_ros.task.ament_cmake.build:Building ROS package in '/home/vella/Desktop/ros2_ws_2/src/turtlesim_automata' with build type 'ament_cmake'
[0.430s] INFO:colcon.colcon_cmake.task.cmake.build:Building CMake package in '/home/vella/Desktop/ros2_ws_2/src/turtlesim_automata'
[0.442s] INFO:colcon.colcon_core.plugin_system:Skipping extension 'colcon_core.shell.bat': Not used on non-Windows systems
[0.446s] INFO:colcon.colcon_core.shell:Skip shell extension 'powershell' for command environment: Not usable outside of PowerShell
[0.449s] DEBUG:colcon.colcon_core.shell:Skip shell extension 'dsv' for command environment
[0.488s] DEBUG:colcon.colcon_core.event_handler.log_command:Invoking command in '/home/vella/Desktop/ros2_ws_2/build/turtlesim_automata': CMAKE_PREFIX_PATH=${CMAKE_PREFIX_PATH}:/opt/ros/humble /usr/bin/cmake --build /home/vella/Desktop/ros2_ws_2/build/turtlesim_automata -- -j7 -l7
[20.462s] DEBUG:colcon.colcon_core.event_handler.log_command:Invoked command in '/home/vella/Desktop/ros2_ws_2/build/turtlesim_automata' returned '0': CMAKE_PREFIX_PATH=${CMAKE_PREFIX_PATH}:/opt/ros/humble /usr/bin/cmake --build /home/vella/Desktop/ros2_ws_2/build/turtlesim_automata -- -j7 -l7
[20.589s] DEBUG:colcon.colcon_core.event_handler.log_command:Invoking command in '/home/vella/Desktop/ros2_ws_2/build/turtlesim_automata': CMAKE_PREFIX_PATH=${CMAKE_PREFIX_PATH}:/opt/ros/humble /usr/bin/cmake --install /home/vella/Desktop/ros2_ws_2/build/turtlesim_automata
[20.686s] Level 1:colcon.colcon_core.environment:create_environment_scripts_only(turtlesim_automata)
[20.694s] DEBUG:colcon.colcon_core.event_handler.log_command:Invoked command in '/home/vella/Desktop/ros2_ws_2/build/turtlesim_automata' returned '0': CMAKE_PREFIX_PATH=${CMAKE_PREFIX_PATH}:/opt/ros/humble /usr/bin/cmake --install /home/vella/Desktop/ros2_ws_2/build/turtlesim_automata
[20.695s] Level 1:colcon.colcon_core.environment:checking '/home/vella/Desktop/ros2_ws_2/install/turtlesim_automata' for CMake module files
[20.695s] Level 1:colcon.colcon_core.environment:checking '/home/vella/Desktop/ros2_ws_2/install/turtlesim_automata' for CMake config files
[20.696s] Level 1:colcon.colcon_core.shell:create_environment_hook('turtlesim_automata', 'cmake_prefix_path')
[20.696s] INFO:colcon.colcon_core.shell:Creating environment hook '/home/vella/Desktop/ros2_ws_2/install/turtlesim_automata/share/turtlesim_automata/hook/cmake_prefix_path.ps1'
[20.697s] INFO:colcon.colcon_core.shell:Creating environment descriptor '/home/vella/Desktop/ros2_ws_2/install/turtlesim_automata/share/turtlesim_automata/hook/cmake_prefix_path.dsv'
[20.699s] INFO:colcon.colcon_core.shell:Creating environment hook '/home/vella/Desktop/ros2_ws_2/install/turtlesim_automata/share/turtlesim_automata/hook/cmake_prefix_path.sh'
[20.701s] Level 1:colcon.colcon_core.environment:checking '/home/vella/Desktop/ros2_ws_2/install/turtlesim_automata/lib'
[20.701s] Level 1:colcon.colcon_core.environment:checking '/home/vella/Desktop/ros2_ws_2/install/turtlesim_automata/bin'
[20.701s] Level 1:colcon.colcon_core.environment:checking '/home/vella/Desktop/ros2_ws_2/install/turtlesim_automata/lib/pkgconfig/turtlesim_automata.pc'
[20.701s] Level 1:colcon.colcon_core.environment:checking '/home/vella/Desktop/ros2_ws_2/install/turtlesim_automata/lib/python3.10/site-packages'
[20.702s] Level 1:colcon.colcon_core.environment:checking '/home/vella/Desktop/ros2_ws_2/install/turtlesim_automata/bin'
[20.702s] INFO:colcon.colcon_core.shell:Creating package script '/home/vella/Desktop/ros2_ws_2/install/turtlesim_automata/share/turtlesim_automata/package.ps1'
[20.706s] INFO:colcon.colcon_core.shell:Creating package descriptor '/home/vella/Desktop/ros2_ws_2/install/turtlesim_automata/share/turtlesim_automata/package.dsv'
[20.707s] INFO:colcon.colcon_core.shell:Creating package script '/home/vella/Desktop/ros2_ws_2/install/turtlesim_automata/share/turtlesim_automata/package.sh'
[20.710s] INFO:colcon.colcon_core.shell:Creating package script '/home/vella/Desktop/ros2_ws_2/install/turtlesim_automata/share/turtlesim_automata/package.bash'
[20.711s] INFO:colcon.colcon_core.shell:Creating package script '/home/vella/Desktop/ros2_ws_2/install/turtlesim_automata/share/turtlesim_automata/package.zsh'
[20.713s] Level 1:colcon.colcon_core.environment:create_file_with_runtime_dependencies(/home/vella/Desktop/ros2_ws_2/install/turtlesim_automata/share/colcon-core/packages/turtlesim_automata)
[20.824s] Level 1:colcon.colcon_core.environment:create_environment_scripts_only(turtlesim_automata)
[20.824s] Level 1:colcon.colcon_core.environment:checking '/home/vella/Desktop/ros2_ws_2/install/turtlesim_automata' for CMake module files
[20.825s] Level 1:colcon.colcon_core.environment:checking '/home/vella/Desktop/ros2_ws_2/install/turtlesim_automata' for CMake config files
[20.825s] Level 1:colcon.colcon_core.shell:create_environment_hook('turtlesim_automata', 'cmake_prefix_path')
[20.825s] INFO:colcon.colcon_core.shell:Creating environment hook '/home/vella/Desktop/ros2_ws_2/install/turtlesim_automata/share/turtlesim_automata/hook/cmake_prefix_path.ps1'
[20.826s] INFO:colcon.colcon_core.shell:Creating environment descriptor '/home/vella/Desktop/ros2_ws_2/install/turtlesim_automata/share/turtlesim_automata/hook/cmake_prefix_path.dsv'
[20.826s] INFO:colcon.colcon_core.shell:Creating environment hook '/home/vella/Desktop/ros2_ws_2/install/turtlesim_automata/share/turtlesim_automata/hook/cmake_prefix_path.sh'
[20.828s] Level 1:colcon.colcon_core.environment:checking '/home/vella/Desktop/ros2_ws_2/install/turtlesim_automata/lib'
[20.828s] Level 1:colcon.colcon_core.environment:checking '/home/vella/Desktop/ros2_ws_2/install/turtlesim_automata/bin'
[20.828s] Level 1:colcon.colcon_core.environment:checking '/home/vella/Desktop/ros2_ws_2/install/turtlesim_automata/lib/pkgconfig/turtlesim_automata.pc'
[20.828s] Level 1:colcon.colcon_core.environment:checking '/home/vella/Desktop/ros2_ws_2/install/turtlesim_automata/lib/python3.10/site-packages'
[20.828s] Level 1:colcon.colcon_core.environment:checking '/home/vella/Desktop/ros2_ws_2/install/turtlesim_automata/bin'
[20.829s] INFO:colcon.colcon_core.shell:Creating package script '/home/vella/Desktop/ros2_ws_2/install/turtlesim_automata/share/turtlesim_automata/package.ps1'
[20.829s] INFO:colcon.colcon_core.shell:Creating package descriptor '/home/vella/Desktop/ros2_ws_2/install/turtlesim_automata/share/turtlesim_automata/package.dsv'
[20.830s] INFO:colcon.colcon_core.shell:Creating package script '/home/vella/Desktop/ros2_ws_2/install/turtlesim_automata/share/turtlesim_automata/package.sh'
[20.831s] INFO:colcon.colcon_core.shell:Creating package script '/home/vella/Desktop/ros2_ws_2/install/turtlesim_automata/share/turtlesim_automata/package.bash'
[20.831s] INFO:colcon.colcon_core.shell:Creating package script '/home/vella/Desktop/ros2_ws_2/install/turtlesim_automata/share/turtlesim_automata/package.zsh'
[20.832s] Level 1:colcon.colcon_core.environment:create_file_with_runtime_dependencies(/home/vella/Desktop/ros2_ws_2/install/turtlesim_automata/share/colcon-core/packages/turtlesim_automata)
[20.832s] DEBUG:colcon.colcon_parallel_executor.executor.parallel:closing loop
[20.833s] DEBUG:colcon.colcon_parallel_executor.executor.parallel:loop closed
[20.833s] DEBUG:colcon.colcon_parallel_executor.executor.parallel:run_until_complete finished with '0'
[20.834s] DEBUG:colcon.colcon_core.event_reactor:joining thread
[20.846s] INFO:colcon.colcon_core.plugin_system:Skipping extension 'colcon_notification.desktop_notification.terminal_notifier': Not used on non-Darwin systems
[20.846s] INFO:colcon.colcon_core.plugin_system:Skipping extension 'colcon_notification.desktop_notification.win32': Not used on non-Windows systems
[20.846s] INFO:colcon.colcon_notification.desktop_notification:Sending desktop notification using 'notify2'
[20.910s] DEBUG:colcon.colcon_core.event_reactor:joined thread
[20.911s] INFO:colcon.colcon_core.shell:Creating prefix script '/home/vella/Desktop/ros2_ws_2/install/local_setup.ps1'
[20.912s] INFO:colcon.colcon_core.shell:Creating prefix util module '/home/vella/Desktop/ros2_ws_2/install/_local_setup_util_ps1.py'
[20.913s] INFO:colcon.colcon_core.shell:Creating prefix chain script '/home/vella/Desktop/ros2_ws_2/install/setup.ps1'
[20.916s] INFO:colcon.colcon_core.shell:Creating prefix script '/home/vella/Desktop/ros2_ws_2/install/local_setup.sh'
[20.917s] INFO:colcon.colcon_core.shell:Creating prefix util module '/home/vella/Desktop/ros2_ws_2/install/_local_setup_util_sh.py'
[20.917s] INFO:colcon.colcon_core.shell:Creating prefix chain script '/home/vella/Desktop/ros2_ws_2/install/setup.sh'
[20.918s] INFO:colcon.colcon_core.shell:Creating prefix script '/home/vella/Desktop/ros2_ws_2/install/local_setup.bash'
[20.923s] INFO:colcon.colcon_core.shell:Creating prefix chain script '/home/vella/Desktop/ros2_ws_2/install/setup.bash'
[20.925s] INFO:colcon.colcon_core.shell:Creating prefix script '/home/vella/Desktop/ros2_ws_2/install/local_setup.zsh'
[20.926s] INFO:colcon.colcon_core.shell:Creating prefix chain script '/home/vella/Desktop/ros2_ws_2/install/setup.zsh'
