[0.028s] Invoking command in '/home/vella/ros2_ws/build/turtlesim_automata': CMAKE_PREFIX_PATH=/opt/ros/humble /usr/bin/cmake --build /home/vella/ros2_ws/build/turtlesim_automata -- -j7 -l7
[0.110s] [ 50%] [32mBuilding CXX object CMakeFiles/turtlesim_automata_node.dir/src/turtlesim_automata_node.cpp.o[0m
[9.166s] [100%] [32m[1mLinking CXX executable turtlesim_automata_node[0m
[9.596s] [100%] Built target turtlesim_automata_node
[9.625s] Invoked command in '/home/vella/ros2_ws/build/turtlesim_automata' returned '0': CMAKE_PREFIX_PATH=/opt/ros/humble /usr/bin/cmake --build /home/vella/ros2_ws/build/turtlesim_automata -- -j7 -l7
[9.699s] Invoking command in '/home/vella/ros2_ws/build/turtlesim_automata': CMAKE_PREFIX_PATH=/opt/ros/humble /usr/bin/cmake --install /home/vella/ros2_ws/build/turtlesim_automata
[9.717s] -- Install configuration: ""
[9.721s] -- Installing: /home/vella/ros2_ws/install/turtlesim_automata/lib/turtlesim_automata/turtlesim_automata_node
[9.727s] -- Set runtime path of "/home/vella/ros2_ws/install/turtlesim_automata/lib/turtlesim_automata/turtlesim_automata_node" to ""
[9.727s] -- Up-to-date: /home/vella/ros2_ws/install/turtlesim_automata/share/ament_index/resource_index/package_run_dependencies/turtlesim_automata
[9.727s] -- Up-to-date: /home/vella/ros2_ws/install/turtlesim_automata/share/ament_index/resource_index/parent_prefix_path/turtlesim_automata
[9.728s] -- Up-to-date: /home/vella/ros2_ws/install/turtlesim_automata/share/turtlesim_automata/environment/ament_prefix_path.sh
[9.728s] -- Up-to-date: /home/vella/ros2_ws/install/turtlesim_automata/share/turtlesim_automata/environment/ament_prefix_path.dsv
[9.728s] -- Up-to-date: /home/vella/ros2_ws/install/turtlesim_automata/share/turtlesim_automata/environment/path.sh
[9.728s] -- Up-to-date: /home/vella/ros2_ws/install/turtlesim_automata/share/turtlesim_automata/environment/path.dsv
[9.728s] -- Up-to-date: /home/vella/ros2_ws/install/turtlesim_automata/share/turtlesim_automata/local_setup.bash
[9.728s] -- Up-to-date: /home/vella/ros2_ws/install/turtlesim_automata/share/turtlesim_automata/local_setup.sh
[9.728s] -- Up-to-date: /home/vella/ros2_ws/install/turtlesim_automata/share/turtlesim_automata/local_setup.zsh
[9.728s] -- Up-to-date: /home/vella/ros2_ws/install/turtlesim_automata/share/turtlesim_automata/local_setup.dsv
[9.728s] -- Installing: /home/vella/ros2_ws/install/turtlesim_automata/share/turtlesim_automata/package.dsv
[9.729s] -- Up-to-date: /home/vella/ros2_ws/install/turtlesim_automata/share/ament_index/resource_index/packages/turtlesim_automata
[9.729s] -- Up-to-date: /home/vella/ros2_ws/install/turtlesim_automata/share/turtlesim_automata/cmake/turtlesim_automataConfig.cmake
[9.729s] -- Up-to-date: /home/vella/ros2_ws/install/turtlesim_automata/share/turtlesim_automata/cmake/turtlesim_automataConfig-version.cmake
[9.729s] -- Up-to-date: /home/vella/ros2_ws/install/turtlesim_automata/share/turtlesim_automata/package.xml
[9.732s] Invoked command in '/home/vella/ros2_ws/build/turtlesim_automata' returned '0': CMAKE_PREFIX_PATH=/opt/ros/humble /usr/bin/cmake --install /home/vella/ros2_ws/build/turtlesim_automata
