[0.034s] Invoking command in '/home/vella/ros2_ws/build/turtlesim_automata': CMAKE_PREFIX_PATH=/opt/ros/humble /usr/bin/cmake --build /home/vella/ros2_ws/build/turtlesim_automata -- -j7 -l7
[0.183s] [ 50%] [32mBuilding CXX object CMakeFiles/turtlesim_automata_node.dir/src/turtlesim_automata_node.cpp.o[0m
[15.793s] [100%] [32m[1mLinking CXX executable turtlesim_automata_node[0m
[16.607s] [100%] Built target turtlesim_automata_node
[16.632s] Invoked command in '/home/vella/ros2_ws/build/turtlesim_automata' returned '0': CMAKE_PREFIX_PATH=/opt/ros/humble /usr/bin/cmake --build /home/vella/ros2_ws/build/turtlesim_automata -- -j7 -l7
[16.806s] Invoking command in '/home/vella/ros2_ws/build/turtlesim_automata': CMAKE_PREFIX_PATH=/opt/ros/humble /usr/bin/cmake --install /home/vella/ros2_ws/build/turtlesim_automata
[16.817s] -- Install configuration: ""
[16.817s] -- Installing: /home/vella/ros2_ws/install/turtlesim_automata/lib/turtlesim_automata/turtlesim_automata_node
[16.821s] -- Set runtime path of "/home/vella/ros2_ws/install/turtlesim_automata/lib/turtlesim_automata/turtlesim_automata_node" to ""
[16.821s] -- Up-to-date: /home/vella/ros2_ws/install/turtlesim_automata/share/ament_index/resource_index/package_run_dependencies/turtlesim_automata
[16.822s] -- Up-to-date: /home/vella/ros2_ws/install/turtlesim_automata/share/ament_index/resource_index/parent_prefix_path/turtlesim_automata
[16.822s] -- Up-to-date: /home/vella/ros2_ws/install/turtlesim_automata/share/turtlesim_automata/environment/ament_prefix_path.sh
[16.822s] -- Up-to-date: /home/vella/ros2_ws/install/turtlesim_automata/share/turtlesim_automata/environment/ament_prefix_path.dsv
[16.822s] -- Up-to-date: /home/vella/ros2_ws/install/turtlesim_automata/share/turtlesim_automata/environment/path.sh
[16.822s] -- Up-to-date: /home/vella/ros2_ws/install/turtlesim_automata/share/turtlesim_automata/environment/path.dsv
[16.822s] -- Up-to-date: /home/vella/ros2_ws/install/turtlesim_automata/share/turtlesim_automata/local_setup.bash
[16.822s] -- Up-to-date: /home/vella/ros2_ws/install/turtlesim_automata/share/turtlesim_automata/local_setup.sh
[16.822s] -- Up-to-date: /home/vella/ros2_ws/install/turtlesim_automata/share/turtlesim_automata/local_setup.zsh
[16.822s] -- Up-to-date: /home/vella/ros2_ws/install/turtlesim_automata/share/turtlesim_automata/local_setup.dsv
[16.823s] -- Installing: /home/vella/ros2_ws/install/turtlesim_automata/share/turtlesim_automata/package.dsv
[16.823s] -- Up-to-date: /home/vella/ros2_ws/install/turtlesim_automata/share/ament_index/resource_index/packages/turtlesim_automata
[16.823s] -- Up-to-date: /home/vella/ros2_ws/install/turtlesim_automata/share/turtlesim_automata/cmake/turtlesim_automataConfig.cmake
[16.823s] -- Up-to-date: /home/vella/ros2_ws/install/turtlesim_automata/share/turtlesim_automata/cmake/turtlesim_automataConfig-version.cmake
[16.823s] -- Up-to-date: /home/vella/ros2_ws/install/turtlesim_automata/share/turtlesim_automata/package.xml
[16.828s] Invoked command in '/home/vella/ros2_ws/build/turtlesim_automata' returned '0': CMAKE_PREFIX_PATH=/opt/ros/humble /usr/bin/cmake --install /home/vella/ros2_ws/build/turtlesim_automata
