[0.045s] Invoking command in '/home/vella/Desktop/ros2_ws_2/build/turtlesim_automata': CMAKE_PREFIX_PATH=${CMAKE_PREFIX_PATH}:/opt/ros/humble /usr/bin/cmake --build /home/vella/Desktop/ros2_ws_2/build/turtlesim_automata -- -j7 -l7
[0.200s] [ 50%] [32mBuilding CXX object CMakeFiles/turtlesim_automata_node.dir/src/turtlesim_automata_node.cpp.o[0m
[19.039s] [100%] [32m[1mLinking CXX executable turtlesim_automata_node[0m
[19.997s] [100%] Built target turtlesim_automata_node
[20.019s] Invoked command in '/home/vella/Desktop/ros2_ws_2/build/turtlesim_automata' returned '0': CMAKE_PREFIX_PATH=${CMAKE_PREFIX_PATH}:/opt/ros/humble /usr/bin/cmake --build /home/vella/Desktop/ros2_ws_2/build/turtlesim_automata -- -j7 -l7
[20.135s] Invoking command in '/home/vella/Desktop/ros2_ws_2/build/turtlesim_automata': CMAKE_PREFIX_PATH=${CMAKE_PREFIX_PATH}:/opt/ros/humble /usr/bin/cmake --install /home/vella/Desktop/ros2_ws_2/build/turtlesim_automata
[20.161s] -- Install configuration: ""
[20.161s] -- Installing: /home/vella/Desktop/ros2_ws_2/install/turtlesim_automata/lib/turtlesim_automata/turtlesim_automata_node
[20.231s] -- Set runtime path of "/home/vella/Desktop/ros2_ws_2/install/turtlesim_automata/lib/turtlesim_automata/turtlesim_automata_node" to ""
[20.231s] -- Up-to-date: /home/vella/Desktop/ros2_ws_2/install/turtlesim_automata/share/ament_index/resource_index/package_run_dependencies/turtlesim_automata
[20.234s] -- Up-to-date: /home/vella/Desktop/ros2_ws_2/install/turtlesim_automata/share/ament_index/resource_index/parent_prefix_path/turtlesim_automata
[20.234s] -- Up-to-date: /home/vella/Desktop/ros2_ws_2/install/turtlesim_automata/share/turtlesim_automata/environment/ament_prefix_path.sh
[20.237s] -- Up-to-date: /home/vella/Desktop/ros2_ws_2/install/turtlesim_automata/share/turtlesim_automata/environment/ament_prefix_path.dsv
[20.237s] -- Up-to-date: /home/vella/Desktop/ros2_ws_2/install/turtlesim_automata/share/turtlesim_automata/environment/path.sh
[20.237s] -- Up-to-date: /home/vella/Desktop/ros2_ws_2/install/turtlesim_automata/share/turtlesim_automata/environment/path.dsv
[20.239s] -- Up-to-date: /home/vella/Desktop/ros2_ws_2/install/turtlesim_automata/share/turtlesim_automata/local_setup.bash
[20.244s] -- Up-to-date: /home/vella/Desktop/ros2_ws_2/install/turtlesim_automata/share/turtlesim_automata/local_setup.sh
[20.245s] -- Up-to-date: /home/vella/Desktop/ros2_ws_2/install/turtlesim_automata/share/turtlesim_automata/local_setup.zsh
[20.249s] -- Up-to-date: /home/vella/Desktop/ros2_ws_2/install/turtlesim_automata/share/turtlesim_automata/local_setup.dsv
[20.250s] -- Installing: /home/vella/Desktop/ros2_ws_2/install/turtlesim_automata/share/turtlesim_automata/package.dsv
[20.250s] -- Up-to-date: /home/vella/Desktop/ros2_ws_2/install/turtlesim_automata/share/ament_index/resource_index/packages/turtlesim_automata
[20.250s] -- Up-to-date: /home/vella/Desktop/ros2_ws_2/install/turtlesim_automata/share/turtlesim_automata/cmake/turtlesim_automataConfig.cmake
[20.250s] -- Up-to-date: /home/vella/Desktop/ros2_ws_2/install/turtlesim_automata/share/turtlesim_automata/cmake/turtlesim_automataConfig-version.cmake
[20.251s] -- Up-to-date: /home/vella/Desktop/ros2_ws_2/install/turtlesim_automata/share/turtlesim_automata/package.xml
[20.251s] Invoked command in '/home/vella/Desktop/ros2_ws_2/build/turtlesim_automata' returned '0': CMAKE_PREFIX_PATH=${CMAKE_PREFIX_PATH}:/opt/ros/humble /usr/bin/cmake --install /home/vella/Desktop/ros2_ws_2/build/turtlesim_automata
