[0.164s] Invoking command in '/home/vella/Desktop/ros2_ws_2/build/turtlesim_automata': CMAKE_PREFIX_PATH=${CMAKE_PREFIX_PATH}:/opt/ros/humble /usr/bin/cmake --build /home/vella/Desktop/ros2_ws_2/build/turtlesim_automata -- -j7 -l7
[0.401s] [35m[1mConsolidate compiler generated dependencies of target turtlesim_automata_node[0m
[0.558s] [ 50%] [32mBuilding CXX object CMakeFiles/turtlesim_automata_node.dir/src/turtlesim_automata_node.cpp.o[0m
[10.795s] [100%] [32m[1mLinking CXX executable turtlesim_automata_node[0m
[11.422s] [100%] Built target turtlesim_automata_node
[11.444s] Invoked command in '/home/vella/Desktop/ros2_ws_2/build/turtlesim_automata' returned '0': CMAKE_PREFIX_PATH=${CMAKE_PREFIX_PATH}:/opt/ros/humble /usr/bin/cmake --build /home/vella/Desktop/ros2_ws_2/build/turtlesim_automata -- -j7 -l7
[11.541s] Invoking command in '/home/vella/Desktop/ros2_ws_2/build/turtlesim_automata': CMAKE_PREFIX_PATH=${CMAKE_PREFIX_PATH}:/opt/ros/humble /usr/bin/cmake --install /home/vella/Desktop/ros2_ws_2/build/turtlesim_automata
[11.558s] -- Install configuration: ""
[11.558s] -- Installing: /home/vella/Desktop/ros2_ws_2/install/turtlesim_automata/lib/turtlesim_automata/turtlesim_automata_node
[11.597s] -- Set runtime path of "/home/vella/Desktop/ros2_ws_2/install/turtlesim_automata/lib/turtlesim_automata/turtlesim_automata_node" to ""
[11.597s] -- Up-to-date: /home/vella/Desktop/ros2_ws_2/install/turtlesim_automata/share/ament_index/resource_index/package_run_dependencies/turtlesim_automata
[11.599s] -- Up-to-date: /home/vella/Desktop/ros2_ws_2/install/turtlesim_automata/share/ament_index/resource_index/parent_prefix_path/turtlesim_automata
[11.600s] -- Up-to-date: /home/vella/Desktop/ros2_ws_2/install/turtlesim_automata/share/turtlesim_automata/environment/ament_prefix_path.sh
[11.600s] -- Up-to-date: /home/vella/Desktop/ros2_ws_2/install/turtlesim_automata/share/turtlesim_automata/environment/ament_prefix_path.dsv
[11.601s] -- Up-to-date: /home/vella/Desktop/ros2_ws_2/install/turtlesim_automata/share/turtlesim_automata/environment/path.sh
[11.601s] -- Up-to-date: /home/vella/Desktop/ros2_ws_2/install/turtlesim_automata/share/turtlesim_automata/environment/path.dsv
[11.602s] -- Up-to-date: /home/vella/Desktop/ros2_ws_2/install/turtlesim_automata/share/turtlesim_automata/local_setup.bash
[11.602s] -- Up-to-date: /home/vella/Desktop/ros2_ws_2/install/turtlesim_automata/share/turtlesim_automata/local_setup.sh
[11.604s] -- Up-to-date: /home/vella/Desktop/ros2_ws_2/install/turtlesim_automata/share/turtlesim_automata/local_setup.zsh
[11.605s] -- Up-to-date: /home/vella/Desktop/ros2_ws_2/install/turtlesim_automata/share/turtlesim_automata/local_setup.dsv
[11.606s] -- Installing: /home/vella/Desktop/ros2_ws_2/install/turtlesim_automata/share/turtlesim_automata/package.dsv
[11.607s] -- Up-to-date: /home/vella/Desktop/ros2_ws_2/install/turtlesim_automata/share/ament_index/resource_index/packages/turtlesim_automata
[11.608s] -- Up-to-date: /home/vella/Desktop/ros2_ws_2/install/turtlesim_automata/share/turtlesim_automata/cmake/turtlesim_automataConfig.cmake
[11.612s] -- Up-to-date: /home/vella/Desktop/ros2_ws_2/install/turtlesim_automata/share/turtlesim_automata/cmake/turtlesim_automataConfig-version.cmake
[11.614s] -- Up-to-date: /home/vella/Desktop/ros2_ws_2/install/turtlesim_automata/share/turtlesim_automata/package.xml
[11.617s] Invoked command in '/home/vella/Desktop/ros2_ws_2/build/turtlesim_automata' returned '0': CMAKE_PREFIX_PATH=${CMAKE_PREFIX_PATH}:/opt/ros/humble /usr/bin/cmake --install /home/vella/Desktop/ros2_ws_2/build/turtlesim_automata
