[0.040s] Invoking command in '/home/vella/Desktop/ros2_ws_2/build/turtlesim_automata': CMAKE_PREFIX_PATH=${CMAKE_PREFIX_PATH}:/opt/ros/humble /usr/bin/cmake --build /home/vella/Desktop/ros2_ws_2/build/turtlesim_automata -- -j7 -l7
[0.196s] [ 50%] [32mBuilding CXX object CMakeFiles/turtlesim_automata_node.dir/src/turtlesim_automata_node.cpp.o[0m
[23.371s] [100%] [32m[1mLinking CXX executable turtlesim_automata_node[0m
[24.144s] [100%] Built target turtlesim_automata_node
[24.190s] Invoked command in '/home/vella/Desktop/ros2_ws_2/build/turtlesim_automata' returned '0': CMAKE_PREFIX_PATH=${CMAKE_PREFIX_PATH}:/opt/ros/humble /usr/bin/cmake --build /home/vella/Desktop/ros2_ws_2/build/turtlesim_automata -- -j7 -l7
[24.332s] Invoking command in '/home/vella/Desktop/ros2_ws_2/build/turtlesim_automata': CMAKE_PREFIX_PATH=${CMAKE_PREFIX_PATH}:/opt/ros/humble /usr/bin/cmake --install /home/vella/Desktop/ros2_ws_2/build/turtlesim_automata
[24.342s] -- Install configuration: ""
[24.342s] -- Installing: /home/vella/Desktop/ros2_ws_2/install/turtlesim_automata/lib/turtlesim_automata/turtlesim_automata_node
[24.403s] -- Set runtime path of "/home/vella/Desktop/ros2_ws_2/install/turtlesim_automata/lib/turtlesim_automata/turtlesim_automata_node" to ""
[24.403s] -- Up-to-date: /home/vella/Desktop/ros2_ws_2/install/turtlesim_automata/share/ament_index/resource_index/package_run_dependencies/turtlesim_automata
[24.403s] -- Up-to-date: /home/vella/Desktop/ros2_ws_2/install/turtlesim_automata/share/ament_index/resource_index/parent_prefix_path/turtlesim_automata
[24.403s] -- Up-to-date: /home/vella/Desktop/ros2_ws_2/install/turtlesim_automata/share/turtlesim_automata/environment/ament_prefix_path.sh
[24.403s] -- Up-to-date: /home/vella/Desktop/ros2_ws_2/install/turtlesim_automata/share/turtlesim_automata/environment/ament_prefix_path.dsv
[24.403s] -- Up-to-date: /home/vella/Desktop/ros2_ws_2/install/turtlesim_automata/share/turtlesim_automata/environment/path.sh
[24.403s] -- Up-to-date: /home/vella/Desktop/ros2_ws_2/install/turtlesim_automata/share/turtlesim_automata/environment/path.dsv
[24.403s] -- Up-to-date: /home/vella/Desktop/ros2_ws_2/install/turtlesim_automata/share/turtlesim_automata/local_setup.bash
[24.403s] -- Up-to-date: /home/vella/Desktop/ros2_ws_2/install/turtlesim_automata/share/turtlesim_automata/local_setup.sh
[24.403s] -- Up-to-date: /home/vella/Desktop/ros2_ws_2/install/turtlesim_automata/share/turtlesim_automata/local_setup.zsh
[24.403s] -- Up-to-date: /home/vella/Desktop/ros2_ws_2/install/turtlesim_automata/share/turtlesim_automata/local_setup.dsv
[24.403s] -- Installing: /home/vella/Desktop/ros2_ws_2/install/turtlesim_automata/share/turtlesim_automata/package.dsv
[24.403s] -- Up-to-date: /home/vella/Desktop/ros2_ws_2/install/turtlesim_automata/share/ament_index/resource_index/packages/turtlesim_automata
[24.403s] -- Up-to-date: /home/vella/Desktop/ros2_ws_2/install/turtlesim_automata/share/turtlesim_automata/cmake/turtlesim_automataConfig.cmake
[24.409s] -- Up-to-date: /home/vella/Desktop/ros2_ws_2/install/turtlesim_automata/share/turtlesim_automata/cmake/turtlesim_automataConfig-version.cmake
[24.409s] -- Up-to-date: /home/vella/Desktop/ros2_ws_2/install/turtlesim_automata/share/turtlesim_automata/package.xml
[24.421s] Invoked command in '/home/vella/Desktop/ros2_ws_2/build/turtlesim_automata' returned '0': CMAKE_PREFIX_PATH=${CMAKE_PREFIX_PATH}:/opt/ros/humble /usr/bin/cmake --install /home/vella/Desktop/ros2_ws_2/build/turtlesim_automata
