[0.216s] DEBUG:colcon:Command line arguments: ['/usr/bin/colcon', 'build']
[0.216s] DEBUG:colcon:Parsed command line arguments: Namespace(log_base=None, log_level=None, verb_name='build', build_base='build', install_base='install', merge_install=False, symlink_install=False, test_result_base=None, continue_on_error=False, executor='parallel', parallel_workers=7, event_handlers=None, ignore_user_meta=False, metas=['./colcon.meta'], base_paths=['.'], packages_ignore=None, packages_ignore_regex=None, paths=None, packages_up_to=None, packages_up_to_regex=None, packages_above=None, packages_above_and_dependencies=None, packages_above_depth=None, packages_select_by_dep=None, packages_skip_by_dep=None, packages_skip_up_to=None, packages_select_build_failed=False, packages_skip_build_finished=False, packages_select_test_failures=False, packages_skip_test_passed=False, packages_select=None, packages_skip=None, packages_select_regex=None, packages_skip_regex=None, packages_start=None, packages_end=None, allow_overriding=[], cmake_args=None, cmake_target=None, cmake_target_skip_unavailable=False, cmake_clean_cache=False, cmake_clean_first=False, cmake_force_configure=False, ament_cmake_args=None, catkin_cmake_args=None, catkin_skip_building_tests=False, mixin_files=None, mixin=None, verb_parser=<colcon_mixin.mixin.mixin_argument.MixinArgumentDecorator object at 0x7eaa530f1ae0>, verb_extension=<colcon_core.verb.build.BuildVerb object at 0x7eaa530f15a0>, main=<bound method BuildVerb.main of <colcon_core.verb.build.BuildVerb object at 0x7eaa530f15a0>>, mixin_verb=('build',))
[1.303s] Level 1:colcon.colcon_core.package_discovery:discover_packages(colcon_meta) check parameters
[1.304s] Level 1:colcon.colcon_core.package_discovery:discover_packages(recursive) check parameters
[1.304s] Level 1:colcon.colcon_core.package_discovery:discover_packages(ignore) check parameters
[1.304s] Level 1:colcon.colcon_core.package_discovery:discover_packages(path) check parameters
[1.304s] Level 1:colcon.colcon_core.package_discovery:discover_packages(colcon_meta) discover
[1.304s] Level 1:colcon.colcon_core.package_discovery:discover_packages(recursive) discover
[1.304s] INFO:colcon.colcon_core.package_discovery:Crawling recursively for packages in '/home/vella/Desktop/ros2_ws_2'
[1.304s] Level 1:colcon.colcon_core.package_identification:_identify(.) by extensions ['ignore', 'ignore_ament_install']
[1.304s] Level 1:colcon.colcon_core.package_identification:_identify(.) by extension 'ignore'
[1.304s] Level 1:colcon.colcon_core.package_identification:_identify(.) by extension 'ignore_ament_install'
[1.304s] Level 1:colcon.colcon_core.package_identification:_identify(.) by extensions ['colcon_pkg']
[1.304s] Level 1:colcon.colcon_core.package_identification:_identify(.) by extension 'colcon_pkg'
[1.304s] Level 1:colcon.colcon_core.package_identification:_identify(.) by extensions ['colcon_meta']
[1.304s] Level 1:colcon.colcon_core.package_identification:_identify(.) by extension 'colcon_meta'
[1.304s] Level 1:colcon.colcon_core.package_identification:_identify(.) by extensions ['ros']
[1.305s] Level 1:colcon.colcon_core.package_identification:_identify(.) by extension 'ros'
[1.326s] Level 1:colcon.colcon_core.package_identification:_identify(.) by extensions ['cmake', 'python']
[1.326s] Level 1:colcon.colcon_core.package_identification:_identify(.) by extension 'cmake'
[1.326s] Level 1:colcon.colcon_core.package_identification:_identify(.) by extension 'python'
[1.326s] Level 1:colcon.colcon_core.package_identification:_identify(.) by extensions ['python_setup_py']
[1.326s] Level 1:colcon.colcon_core.package_identification:_identify(.) by extension 'python_setup_py'
[1.326s] Level 1:colcon.colcon_core.package_identification:_identify(build) by extensions ['ignore', 'ignore_ament_install']
[1.326s] Level 1:colcon.colcon_core.package_identification:_identify(build) by extension 'ignore'
[1.326s] Level 1:colcon.colcon_core.package_identification:_identify(build) ignored
[1.327s] Level 1:colcon.colcon_core.package_identification:_identify(install) by extensions ['ignore', 'ignore_ament_install']
[1.327s] Level 1:colcon.colcon_core.package_identification:_identify(install) by extension 'ignore'
[1.327s] Level 1:colcon.colcon_core.package_identification:_identify(install) ignored
[1.327s] Level 1:colcon.colcon_core.package_identification:_identify(log) by extensions ['ignore', 'ignore_ament_install']
[1.327s] Level 1:colcon.colcon_core.package_identification:_identify(log) by extension 'ignore'
[1.327s] Level 1:colcon.colcon_core.package_identification:_identify(log) ignored
[1.327s] Level 1:colcon.colcon_core.package_identification:_identify(src) by extensions ['ignore', 'ignore_ament_install']
[1.327s] Level 1:colcon.colcon_core.package_identification:_identify(src) by extension 'ignore'
[1.327s] Level 1:colcon.colcon_core.package_identification:_identify(src) by extension 'ignore_ament_install'
[1.328s] Level 1:colcon.colcon_core.package_identification:_identify(src) by extensions ['colcon_pkg']
[1.328s] Level 1:colcon.colcon_core.package_identification:_identify(src) by extension 'colcon_pkg'
[1.328s] Level 1:colcon.colcon_core.package_identification:_identify(src) by extensions ['colcon_meta']
[1.328s] Level 1:colcon.colcon_core.package_identification:_identify(src) by extension 'colcon_meta'
[1.328s] Level 1:colcon.colcon_core.package_identification:_identify(src) by extensions ['ros']
[1.328s] Level 1:colcon.colcon_core.package_identification:_identify(src) by extension 'ros'
[1.328s] Level 1:colcon.colcon_core.package_identification:_identify(src) by extensions ['cmake', 'python']
[1.328s] Level 1:colcon.colcon_core.package_identification:_identify(src) by extension 'cmake'
[1.328s] Level 1:colcon.colcon_core.package_identification:_identify(src) by extension 'python'
[1.328s] Level 1:colcon.colcon_core.package_identification:_identify(src) by extensions ['python_setup_py']
[1.328s] Level 1:colcon.colcon_core.package_identification:_identify(src) by extension 'python_setup_py'
[1.328s] Level 1:colcon.colcon_core.package_identification:_identify(src/turtlesim_automata) by extensions ['ignore', 'ignore_ament_install']
[1.328s] Level 1:colcon.colcon_core.package_identification:_identify(src/turtlesim_automata) by extension 'ignore'
[1.328s] Level 1:colcon.colcon_core.package_identification:_identify(src/turtlesim_automata) by extension 'ignore_ament_install'
[1.328s] Level 1:colcon.colcon_core.package_identification:_identify(src/turtlesim_automata) by extensions ['colcon_pkg']
[1.328s] Level 1:colcon.colcon_core.package_identification:_identify(src/turtlesim_automata) by extension 'colcon_pkg'
[1.328s] Level 1:colcon.colcon_core.package_identification:_identify(src/turtlesim_automata) by extensions ['colcon_meta']
[1.328s] Level 1:colcon.colcon_core.package_identification:_identify(src/turtlesim_automata) by extension 'colcon_meta'
[1.328s] Level 1:colcon.colcon_core.package_identification:_identify(src/turtlesim_automata) by extensions ['ros']
[1.328s] Level 1:colcon.colcon_core.package_identification:_identify(src/turtlesim_automata) by extension 'ros'
[1.340s] DEBUG:colcon.colcon_core.package_identification:Package 'src/turtlesim_automata' with type 'ros.ament_cmake' and name 'turtlesim_automata'
[1.340s] Level 1:colcon.colcon_core.package_discovery:discover_packages(recursive) using defaults
[1.340s] Level 1:colcon.colcon_core.package_discovery:discover_packages(ignore) discover
[1.340s] Level 1:colcon.colcon_core.package_discovery:discover_packages(ignore) using defaults
[1.340s] Level 1:colcon.colcon_core.package_discovery:discover_packages(path) discover
[1.341s] Level 1:colcon.colcon_core.package_discovery:discover_packages(path) using defaults
[1.410s] Level 1:colcon.colcon_core.package_discovery:discover_packages(prefix_path) check parameters
[1.410s] Level 1:colcon.colcon_core.package_discovery:discover_packages(prefix_path) discover
[1.432s] DEBUG:colcon.colcon_installed_package_information.package_discovery:Found 308 installed packages in /opt/ros/humble
[1.433s] Level 1:colcon.colcon_core.package_discovery:discover_packages(prefix_path) using defaults
[1.471s] Level 5:colcon.colcon_core.verb:set package 'turtlesim_automata' build argument 'cmake_args' from command line to 'None'
[1.471s] Level 5:colcon.colcon_core.verb:set package 'turtlesim_automata' build argument 'cmake_target' from command line to 'None'
[1.471s] Level 5:colcon.colcon_core.verb:set package 'turtlesim_automata' build argument 'cmake_target_skip_unavailable' from command line to 'False'
[1.471s] Level 5:colcon.colcon_core.verb:set package 'turtlesim_automata' build argument 'cmake_clean_cache' from command line to 'False'
[1.471s] Level 5:colcon.colcon_core.verb:set package 'turtlesim_automata' build argument 'cmake_clean_first' from command line to 'False'
[1.471s] Level 5:colcon.colcon_core.verb:set package 'turtlesim_automata' build argument 'cmake_force_configure' from command line to 'False'
[1.471s] Level 5:colcon.colcon_core.verb:set package 'turtlesim_automata' build argument 'ament_cmake_args' from command line to 'None'
[1.471s] Level 5:colcon.colcon_core.verb:set package 'turtlesim_automata' build argument 'catkin_cmake_args' from command line to 'None'
[1.471s] Level 5:colcon.colcon_core.verb:set package 'turtlesim_automata' build argument 'catkin_skip_building_tests' from command line to 'False'
[1.471s] DEBUG:colcon.colcon_core.verb:Building package 'turtlesim_automata' with the following arguments: {'ament_cmake_args': None, 'build_base': '/home/vella/Desktop/ros2_ws_2/build/turtlesim_automata', 'catkin_cmake_args': None, 'catkin_skip_building_tests': False, 'cmake_args': None, 'cmake_clean_cache': False, 'cmake_clean_first': False, 'cmake_force_configure': False, 'cmake_target': None, 'cmake_target_skip_unavailable': False, 'install_base': '/home/vella/Desktop/ros2_ws_2/install/turtlesim_automata', 'merge_install': False, 'path': '/home/vella/Desktop/ros2_ws_2/src/turtlesim_automata', 'symlink_install': False, 'test_result_base': None}
[1.472s] INFO:colcon.colcon_core.executor:Executing jobs using 'parallel' executor
[1.473s] DEBUG:colcon.colcon_parallel_executor.executor.parallel:run_until_complete
[1.477s] INFO:colcon.colcon_ros.task.ament_cmake.build:Building ROS package in '/home/vella/Desktop/ros2_ws_2/src/turtlesim_automata' with build type 'ament_cmake'
[1.479s] INFO:colcon.colcon_cmake.task.cmake.build:Building CMake package in '/home/vella/Desktop/ros2_ws_2/src/turtlesim_automata'
[1.499s] INFO:colcon.colcon_core.plugin_system:Skipping extension 'colcon_core.shell.bat': Not used on non-Windows systems
[1.499s] INFO:colcon.colcon_core.shell:Skip shell extension 'powershell' for command environment: Not usable outside of PowerShell
[1.499s] DEBUG:colcon.colcon_core.shell:Skip shell extension 'dsv' for command environment
[1.552s] DEBUG:colcon.colcon_core.event_handler.log_command:Invoking command in '/home/vella/Desktop/ros2_ws_2/build/turtlesim_automata': CMAKE_PREFIX_PATH=/opt/ros/humble /usr/bin/cmake --build /home/vella/Desktop/ros2_ws_2/build/turtlesim_automata -- -j7 -l7
[2.054s] DEBUG:colcon.colcon_core.event_handler.log_command:Invoked command in '/home/vella/Desktop/ros2_ws_2/build/turtlesim_automata' returned '0': CMAKE_PREFIX_PATH=/opt/ros/humble /usr/bin/cmake --build /home/vella/Desktop/ros2_ws_2/build/turtlesim_automata -- -j7 -l7
[2.220s] DEBUG:colcon.colcon_core.event_handler.log_command:Invoking command in '/home/vella/Desktop/ros2_ws_2/build/turtlesim_automata': CMAKE_PREFIX_PATH=/opt/ros/humble /usr/bin/cmake --install /home/vella/Desktop/ros2_ws_2/build/turtlesim_automata
[2.291s] Level 1:colcon.colcon_core.environment:create_environment_scripts_only(turtlesim_automata)
[2.292s] DEBUG:colcon.colcon_core.event_handler.log_command:Invoked command in '/home/vella/Desktop/ros2_ws_2/build/turtlesim_automata' returned '0': CMAKE_PREFIX_PATH=/opt/ros/humble /usr/bin/cmake --install /home/vella/Desktop/ros2_ws_2/build/turtlesim_automata
[2.353s] Level 1:colcon.colcon_core.environment:checking '/home/vella/Desktop/ros2_ws_2/install/turtlesim_automata' for CMake module files
[2.355s] Level 1:colcon.colcon_core.environment:checking '/home/vella/Desktop/ros2_ws_2/install/turtlesim_automata' for CMake config files
[2.356s] Level 1:colcon.colcon_core.shell:create_environment_hook('turtlesim_automata', 'cmake_prefix_path')
[2.356s] INFO:colcon.colcon_core.shell:Creating environment hook '/home/vella/Desktop/ros2_ws_2/install/turtlesim_automata/share/turtlesim_automata/hook/cmake_prefix_path.ps1'
[2.364s] INFO:colcon.colcon_core.shell:Creating environment descriptor '/home/vella/Desktop/ros2_ws_2/install/turtlesim_automata/share/turtlesim_automata/hook/cmake_prefix_path.dsv'
[2.371s] INFO:colcon.colcon_core.shell:Creating environment hook '/home/vella/Desktop/ros2_ws_2/install/turtlesim_automata/share/turtlesim_automata/hook/cmake_prefix_path.sh'
[2.394s] Level 1:colcon.colcon_core.environment:checking '/home/vella/Desktop/ros2_ws_2/install/turtlesim_automata/lib'
[2.396s] Level 1:colcon.colcon_core.environment:checking '/home/vella/Desktop/ros2_ws_2/install/turtlesim_automata/bin'
[2.396s] Level 1:colcon.colcon_core.environment:checking '/home/vella/Desktop/ros2_ws_2/install/turtlesim_automata/lib/pkgconfig/turtlesim_automata.pc'
[2.397s] Level 1:colcon.colcon_core.environment:checking '/home/vella/Desktop/ros2_ws_2/install/turtlesim_automata/lib/python3.10/site-packages'
[2.397s] Level 1:colcon.colcon_core.environment:checking '/home/vella/Desktop/ros2_ws_2/install/turtlesim_automata/bin'
[2.397s] INFO:colcon.colcon_core.shell:Creating package script '/home/vella/Desktop/ros2_ws_2/install/turtlesim_automata/share/turtlesim_automata/package.ps1'
[2.409s] INFO:colcon.colcon_core.shell:Creating package descriptor '/home/vella/Desktop/ros2_ws_2/install/turtlesim_automata/share/turtlesim_automata/package.dsv'
[2.410s] INFO:colcon.colcon_core.shell:Creating package script '/home/vella/Desktop/ros2_ws_2/install/turtlesim_automata/share/turtlesim_automata/package.sh'
[2.412s] INFO:colcon.colcon_core.shell:Creating package script '/home/vella/Desktop/ros2_ws_2/install/turtlesim_automata/share/turtlesim_automata/package.bash'
[2.412s] INFO:colcon.colcon_core.shell:Creating package script '/home/vella/Desktop/ros2_ws_2/install/turtlesim_automata/share/turtlesim_automata/package.zsh'
[2.416s] Level 1:colcon.colcon_core.environment:create_file_with_runtime_dependencies(/home/vella/Desktop/ros2_ws_2/install/turtlesim_automata/share/colcon-core/packages/turtlesim_automata)
[2.569s] Level 1:colcon.colcon_core.environment:create_environment_scripts_only(turtlesim_automata)
[2.569s] Level 1:colcon.colcon_core.environment:checking '/home/vella/Desktop/ros2_ws_2/install/turtlesim_automata' for CMake module files
[2.570s] Level 1:colcon.colcon_core.environment:checking '/home/vella/Desktop/ros2_ws_2/install/turtlesim_automata' for CMake config files
[2.570s] Level 1:colcon.colcon_core.shell:create_environment_hook('turtlesim_automata', 'cmake_prefix_path')
[2.570s] INFO:colcon.colcon_core.shell:Creating environment hook '/home/vella/Desktop/ros2_ws_2/install/turtlesim_automata/share/turtlesim_automata/hook/cmake_prefix_path.ps1'
[2.570s] INFO:colcon.colcon_core.shell:Creating environment descriptor '/home/vella/Desktop/ros2_ws_2/install/turtlesim_automata/share/turtlesim_automata/hook/cmake_prefix_path.dsv'
[2.571s] INFO:colcon.colcon_core.shell:Creating environment hook '/home/vella/Desktop/ros2_ws_2/install/turtlesim_automata/share/turtlesim_automata/hook/cmake_prefix_path.sh'
[2.572s] Level 1:colcon.colcon_core.environment:checking '/home/vella/Desktop/ros2_ws_2/install/turtlesim_automata/lib'
[2.572s] Level 1:colcon.colcon_core.environment:checking '/home/vella/Desktop/ros2_ws_2/install/turtlesim_automata/bin'
[2.572s] Level 1:colcon.colcon_core.environment:checking '/home/vella/Desktop/ros2_ws_2/install/turtlesim_automata/lib/pkgconfig/turtlesim_automata.pc'
[2.572s] Level 1:colcon.colcon_core.environment:checking '/home/vella/Desktop/ros2_ws_2/install/turtlesim_automata/lib/python3.10/site-packages'
[2.572s] Level 1:colcon.colcon_core.environment:checking '/home/vella/Desktop/ros2_ws_2/install/turtlesim_automata/bin'
[2.572s] INFO:colcon.colcon_core.shell:Creating package script '/home/vella/Desktop/ros2_ws_2/install/turtlesim_automata/share/turtlesim_automata/package.ps1'
[2.573s] INFO:colcon.colcon_core.shell:Creating package descriptor '/home/vella/Desktop/ros2_ws_2/install/turtlesim_automata/share/turtlesim_automata/package.dsv'
[2.574s] INFO:colcon.colcon_core.shell:Creating package script '/home/vella/Desktop/ros2_ws_2/install/turtlesim_automata/share/turtlesim_automata/package.sh'
[2.575s] INFO:colcon.colcon_core.shell:Creating package script '/home/vella/Desktop/ros2_ws_2/install/turtlesim_automata/share/turtlesim_automata/package.bash'
[2.575s] INFO:colcon.colcon_core.shell:Creating package script '/home/vella/Desktop/ros2_ws_2/install/turtlesim_automata/share/turtlesim_automata/package.zsh'
[2.576s] Level 1:colcon.colcon_core.environment:create_file_with_runtime_dependencies(/home/vella/Desktop/ros2_ws_2/install/turtlesim_automata/share/colcon-core/packages/turtlesim_automata)
[2.578s] DEBUG:colcon.colcon_parallel_executor.executor.parallel:closing loop
[2.579s] DEBUG:colcon.colcon_parallel_executor.executor.parallel:loop closed
[2.580s] DEBUG:colcon.colcon_parallel_executor.executor.parallel:run_until_complete finished with '0'
[2.580s] DEBUG:colcon.colcon_core.event_reactor:joining thread
[2.601s] INFO:colcon.colcon_core.plugin_system:Skipping extension 'colcon_notification.desktop_notification.terminal_notifier': Not used on non-Darwin systems
[2.604s] INFO:colcon.colcon_core.plugin_system:Skipping extension 'colcon_notification.desktop_notification.win32': Not used on non-Windows systems
[2.604s] INFO:colcon.colcon_notification.desktop_notification:Sending desktop notification using 'notify2'
[2.742s] DEBUG:colcon.colcon_core.event_reactor:joined thread
[2.743s] INFO:colcon.colcon_core.shell:Creating prefix script '/home/vella/Desktop/ros2_ws_2/install/local_setup.ps1'
[2.747s] INFO:colcon.colcon_core.shell:Creating prefix util module '/home/vella/Desktop/ros2_ws_2/install/_local_setup_util_ps1.py'
[2.748s] INFO:colcon.colcon_core.shell:Creating prefix chain script '/home/vella/Desktop/ros2_ws_2/install/setup.ps1'
[2.765s] INFO:colcon.colcon_core.shell:Creating prefix script '/home/vella/Desktop/ros2_ws_2/install/local_setup.sh'
[2.783s] INFO:colcon.colcon_core.shell:Creating prefix util module '/home/vella/Desktop/ros2_ws_2/install/_local_setup_util_sh.py'
[2.784s] INFO:colcon.colcon_core.shell:Creating prefix chain script '/home/vella/Desktop/ros2_ws_2/install/setup.sh'
[2.789s] INFO:colcon.colcon_core.shell:Creating prefix script '/home/vella/Desktop/ros2_ws_2/install/local_setup.bash'
[2.790s] INFO:colcon.colcon_core.shell:Creating prefix chain script '/home/vella/Desktop/ros2_ws_2/install/setup.bash'
[2.797s] INFO:colcon.colcon_core.shell:Creating prefix script '/home/vella/Desktop/ros2_ws_2/install/local_setup.zsh'
[2.806s] INFO:colcon.colcon_core.shell:Creating prefix chain script '/home/vella/Desktop/ros2_ws_2/install/setup.zsh'
