[0.103s] DEBUG:colcon:Command line arguments: ['/usr/bin/colcon', 'build']
[0.103s] DEBUG:colcon:Parsed command line arguments: Namespace(log_base=None, log_level=None, verb_name='build', build_base='build', install_base='install', merge_install=False, symlink_install=False, test_result_base=None, continue_on_error=False, executor='parallel', parallel_workers=7, event_handlers=None, ignore_user_meta=False, metas=['./colcon.meta'], base_paths=['.'], packages_ignore=None, packages_ignore_regex=None, paths=None, packages_up_to=None, packages_up_to_regex=None, packages_above=None, packages_above_and_dependencies=None, packages_above_depth=None, packages_select_by_dep=None, packages_skip_by_dep=None, packages_skip_up_to=None, packages_select_build_failed=False, packages_skip_build_finished=False, packages_select_test_failures=False, packages_skip_test_passed=False, packages_select=None, packages_skip=None, packages_select_regex=None, packages_skip_regex=None, packages_start=None, packages_end=None, allow_overriding=[], cmake_args=None, cmake_target=None, cmake_target_skip_unavailable=False, cmake_clean_cache=False, cmake_clean_first=False, cmake_force_configure=False, ament_cmake_args=None, catkin_cmake_args=None, catkin_skip_building_tests=False, mixin_files=None, mixin=None, verb_parser=<colcon_mixin.mixin.mixin_argument.MixinArgumentDecorator object at 0x7f0a5a131ae0>, verb_extension=<colcon_core.verb.build.BuildVerb object at 0x7f0a5a1315a0>, main=<bound method BuildVerb.main of <colcon_core.verb.build.BuildVerb object at 0x7f0a5a1315a0>>, mixin_verb=('build',))
[0.270s] Level 1:colcon.colcon_core.package_discovery:discover_packages(colcon_meta) check parameters
[0.270s] Level 1:colcon.colcon_core.package_discovery:discover_packages(recursive) check parameters
[0.270s] Level 1:colcon.colcon_core.package_discovery:discover_packages(ignore) check parameters
[0.270s] Level 1:colcon.colcon_core.package_discovery:discover_packages(path) check parameters
[0.270s] Level 1:colcon.colcon_core.package_discovery:discover_packages(colcon_meta) discover
[0.270s] Level 1:colcon.colcon_core.package_discovery:discover_packages(recursive) discover
[0.270s] INFO:colcon.colcon_core.package_discovery:Crawling recursively for packages in '/home/vella/ros2_ws'
[0.270s] Level 1:colcon.colcon_core.package_identification:_identify(.) by extensions ['ignore', 'ignore_ament_install']
[0.270s] Level 1:colcon.colcon_core.package_identification:_identify(.) by extension 'ignore'
[0.270s] Level 1:colcon.colcon_core.package_identification:_identify(.) by extension 'ignore_ament_install'
[0.270s] Level 1:colcon.colcon_core.package_identification:_identify(.) by extensions ['colcon_pkg']
[0.271s] Level 1:colcon.colcon_core.package_identification:_identify(.) by extension 'colcon_pkg'
[0.271s] Level 1:colcon.colcon_core.package_identification:_identify(.) by extensions ['colcon_meta']
[0.271s] Level 1:colcon.colcon_core.package_identification:_identify(.) by extension 'colcon_meta'
[0.271s] Level 1:colcon.colcon_core.package_identification:_identify(.) by extensions ['ros']
[0.271s] Level 1:colcon.colcon_core.package_identification:_identify(.) by extension 'ros'
[0.285s] Level 1:colcon.colcon_core.package_identification:_identify(.) by extensions ['cmake', 'python']
[0.287s] Level 1:colcon.colcon_core.package_identification:_identify(.) by extension 'cmake'
[0.287s] Level 1:colcon.colcon_core.package_identification:_identify(.) by extension 'python'
[0.287s] Level 1:colcon.colcon_core.package_identification:_identify(.) by extensions ['python_setup_py']
[0.287s] Level 1:colcon.colcon_core.package_identification:_identify(.) by extension 'python_setup_py'
[0.288s] Level 1:colcon.colcon_core.package_identification:_identify(build) by extensions ['ignore', 'ignore_ament_install']
[0.288s] Level 1:colcon.colcon_core.package_identification:_identify(build) by extension 'ignore'
[0.288s] Level 1:colcon.colcon_core.package_identification:_identify(build) ignored
[0.288s] Level 1:colcon.colcon_core.package_identification:_identify(install) by extensions ['ignore', 'ignore_ament_install']
[0.288s] Level 1:colcon.colcon_core.package_identification:_identify(install) by extension 'ignore'
[0.288s] Level 1:colcon.colcon_core.package_identification:_identify(install) ignored
[0.290s] Level 1:colcon.colcon_core.package_identification:_identify(log) by extensions ['ignore', 'ignore_ament_install']
[0.290s] Level 1:colcon.colcon_core.package_identification:_identify(log) by extension 'ignore'
[0.290s] Level 1:colcon.colcon_core.package_identification:_identify(log) ignored
[0.291s] Level 1:colcon.colcon_core.package_identification:_identify(src) by extensions ['ignore', 'ignore_ament_install']
[0.291s] Level 1:colcon.colcon_core.package_identification:_identify(src) by extension 'ignore'
[0.291s] Level 1:colcon.colcon_core.package_identification:_identify(src) by extension 'ignore_ament_install'
[0.291s] Level 1:colcon.colcon_core.package_identification:_identify(src) by extensions ['colcon_pkg']
[0.291s] Level 1:colcon.colcon_core.package_identification:_identify(src) by extension 'colcon_pkg'
[0.291s] Level 1:colcon.colcon_core.package_identification:_identify(src) by extensions ['colcon_meta']
[0.291s] Level 1:colcon.colcon_core.package_identification:_identify(src) by extension 'colcon_meta'
[0.291s] Level 1:colcon.colcon_core.package_identification:_identify(src) by extensions ['ros']
[0.291s] Level 1:colcon.colcon_core.package_identification:_identify(src) by extension 'ros'
[0.291s] Level 1:colcon.colcon_core.package_identification:_identify(src) by extensions ['cmake', 'python']
[0.291s] Level 1:colcon.colcon_core.package_identification:_identify(src) by extension 'cmake'
[0.291s] Level 1:colcon.colcon_core.package_identification:_identify(src) by extension 'python'
[0.291s] Level 1:colcon.colcon_core.package_identification:_identify(src) by extensions ['python_setup_py']
[0.291s] Level 1:colcon.colcon_core.package_identification:_identify(src) by extension 'python_setup_py'
[0.292s] Level 1:colcon.colcon_core.package_identification:_identify(src/build) by extensions ['ignore', 'ignore_ament_install']
[0.292s] Level 1:colcon.colcon_core.package_identification:_identify(src/build) by extension 'ignore'
[0.292s] Level 1:colcon.colcon_core.package_identification:_identify(src/build) ignored
[0.292s] Level 1:colcon.colcon_core.package_identification:_identify(src/install) by extensions ['ignore', 'ignore_ament_install']
[0.292s] Level 1:colcon.colcon_core.package_identification:_identify(src/install) by extension 'ignore'
[0.292s] Level 1:colcon.colcon_core.package_identification:_identify(src/install) ignored
[0.292s] Level 1:colcon.colcon_core.package_identification:_identify(src/log) by extensions ['ignore', 'ignore_ament_install']
[0.292s] Level 1:colcon.colcon_core.package_identification:_identify(src/log) by extension 'ignore'
[0.292s] Level 1:colcon.colcon_core.package_identification:_identify(src/log) ignored
[0.292s] Level 1:colcon.colcon_core.package_identification:_identify(src/turtlesim_automata) by extensions ['ignore', 'ignore_ament_install']
[0.292s] Level 1:colcon.colcon_core.package_identification:_identify(src/turtlesim_automata) by extension 'ignore'
[0.292s] Level 1:colcon.colcon_core.package_identification:_identify(src/turtlesim_automata) by extension 'ignore_ament_install'
[0.293s] Level 1:colcon.colcon_core.package_identification:_identify(src/turtlesim_automata) by extensions ['colcon_pkg']
[0.293s] Level 1:colcon.colcon_core.package_identification:_identify(src/turtlesim_automata) by extension 'colcon_pkg'
[0.293s] Level 1:colcon.colcon_core.package_identification:_identify(src/turtlesim_automata) by extensions ['colcon_meta']
[0.293s] Level 1:colcon.colcon_core.package_identification:_identify(src/turtlesim_automata) by extension 'colcon_meta'
[0.293s] Level 1:colcon.colcon_core.package_identification:_identify(src/turtlesim_automata) by extensions ['ros']
[0.293s] Level 1:colcon.colcon_core.package_identification:_identify(src/turtlesim_automata) by extension 'ros'
[0.297s] DEBUG:colcon.colcon_core.package_identification:Package 'src/turtlesim_automata' with type 'ros.ament_cmake' and name 'turtlesim_automata'
[0.297s] Level 1:colcon.colcon_core.package_discovery:discover_packages(recursive) using defaults
[0.297s] Level 1:colcon.colcon_core.package_discovery:discover_packages(ignore) discover
[0.299s] Level 1:colcon.colcon_core.package_discovery:discover_packages(ignore) using defaults
[0.299s] Level 1:colcon.colcon_core.package_discovery:discover_packages(path) discover
[0.299s] Level 1:colcon.colcon_core.package_discovery:discover_packages(path) using defaults
[0.360s] Level 1:colcon.colcon_core.package_discovery:discover_packages(prefix_path) check parameters
[0.360s] Level 1:colcon.colcon_core.package_discovery:discover_packages(prefix_path) discover
[0.369s] DEBUG:colcon.colcon_installed_package_information.package_discovery:Found 308 installed packages in /opt/ros/humble
[0.373s] Level 1:colcon.colcon_core.package_discovery:discover_packages(prefix_path) using defaults
[0.432s] Level 5:colcon.colcon_core.verb:set package 'turtlesim_automata' build argument 'cmake_args' from command line to 'None'
[0.432s] Level 5:colcon.colcon_core.verb:set package 'turtlesim_automata' build argument 'cmake_target' from command line to 'None'
[0.432s] Level 5:colcon.colcon_core.verb:set package 'turtlesim_automata' build argument 'cmake_target_skip_unavailable' from command line to 'False'
[0.432s] Level 5:colcon.colcon_core.verb:set package 'turtlesim_automata' build argument 'cmake_clean_cache' from command line to 'False'
[0.432s] Level 5:colcon.colcon_core.verb:set package 'turtlesim_automata' build argument 'cmake_clean_first' from command line to 'False'
[0.432s] Level 5:colcon.colcon_core.verb:set package 'turtlesim_automata' build argument 'cmake_force_configure' from command line to 'False'
[0.432s] Level 5:colcon.colcon_core.verb:set package 'turtlesim_automata' build argument 'ament_cmake_args' from command line to 'None'
[0.432s] Level 5:colcon.colcon_core.verb:set package 'turtlesim_automata' build argument 'catkin_cmake_args' from command line to 'None'
[0.432s] Level 5:colcon.colcon_core.verb:set package 'turtlesim_automata' build argument 'catkin_skip_building_tests' from command line to 'False'
[0.432s] DEBUG:colcon.colcon_core.verb:Building package 'turtlesim_automata' with the following arguments: {'ament_cmake_args': None, 'build_base': '/home/vella/ros2_ws/build/turtlesim_automata', 'catkin_cmake_args': None, 'catkin_skip_building_tests': False, 'cmake_args': None, 'cmake_clean_cache': False, 'cmake_clean_first': False, 'cmake_force_configure': False, 'cmake_target': None, 'cmake_target_skip_unavailable': False, 'install_base': '/home/vella/ros2_ws/install/turtlesim_automata', 'merge_install': False, 'path': '/home/vella/ros2_ws/src/turtlesim_automata', 'symlink_install': False, 'test_result_base': None}
[0.432s] INFO:colcon.colcon_core.executor:Executing jobs using 'parallel' executor
[0.434s] DEBUG:colcon.colcon_parallel_executor.executor.parallel:run_until_complete
[0.434s] INFO:colcon.colcon_ros.task.ament_cmake.build:Building ROS package in '/home/vella/ros2_ws/src/turtlesim_automata' with build type 'ament_cmake'
[0.435s] INFO:colcon.colcon_cmake.task.cmake.build:Building CMake package in '/home/vella/ros2_ws/src/turtlesim_automata'
[0.438s] INFO:colcon.colcon_core.plugin_system:Skipping extension 'colcon_core.shell.bat': Not used on non-Windows systems
[0.438s] INFO:colcon.colcon_core.shell:Skip shell extension 'powershell' for command environment: Not usable outside of PowerShell
[0.438s] DEBUG:colcon.colcon_core.shell:Skip shell extension 'dsv' for command environment
[0.454s] DEBUG:colcon.colcon_core.event_handler.log_command:Invoking command in '/home/vella/ros2_ws/build/turtlesim_automata': CMAKE_PREFIX_PATH=/opt/ros/humble /usr/bin/cmake --build /home/vella/ros2_ws/build/turtlesim_automata -- -j7 -l7
[16.495s] DEBUG:colcon.colcon_core.event_handler.log_command:Invoked command in '/home/vella/ros2_ws/build/turtlesim_automata' returned '0': CMAKE_PREFIX_PATH=/opt/ros/humble /usr/bin/cmake --build /home/vella/ros2_ws/build/turtlesim_automata -- -j7 -l7
[16.618s] DEBUG:colcon.colcon_core.event_handler.log_command:Invoking command in '/home/vella/ros2_ws/build/turtlesim_automata': CMAKE_PREFIX_PATH=/opt/ros/humble /usr/bin/cmake --install /home/vella/ros2_ws/build/turtlesim_automata
[16.674s] Level 1:colcon.colcon_core.environment:create_environment_scripts_only(turtlesim_automata)
[16.675s] DEBUG:colcon.colcon_core.event_handler.log_command:Invoked command in '/home/vella/ros2_ws/build/turtlesim_automata' returned '0': CMAKE_PREFIX_PATH=/opt/ros/humble /usr/bin/cmake --install /home/vella/ros2_ws/build/turtlesim_automata
[16.677s] Level 1:colcon.colcon_core.environment:checking '/home/vella/ros2_ws/install/turtlesim_automata' for CMake module files
[16.678s] Level 1:colcon.colcon_core.environment:checking '/home/vella/ros2_ws/install/turtlesim_automata' for CMake config files
[16.678s] Level 1:colcon.colcon_core.shell:create_environment_hook('turtlesim_automata', 'cmake_prefix_path')
[16.678s] INFO:colcon.colcon_core.shell:Creating environment hook '/home/vella/ros2_ws/install/turtlesim_automata/share/turtlesim_automata/hook/cmake_prefix_path.ps1'
[16.679s] INFO:colcon.colcon_core.shell:Creating environment descriptor '/home/vella/ros2_ws/install/turtlesim_automata/share/turtlesim_automata/hook/cmake_prefix_path.dsv'
[16.680s] INFO:colcon.colcon_core.shell:Creating environment hook '/home/vella/ros2_ws/install/turtlesim_automata/share/turtlesim_automata/hook/cmake_prefix_path.sh'
[16.681s] Level 1:colcon.colcon_core.environment:checking '/home/vella/ros2_ws/install/turtlesim_automata/lib'
[16.681s] Level 1:colcon.colcon_core.environment:checking '/home/vella/ros2_ws/install/turtlesim_automata/bin'
[16.681s] Level 1:colcon.colcon_core.environment:checking '/home/vella/ros2_ws/install/turtlesim_automata/lib/pkgconfig/turtlesim_automata.pc'
[16.681s] Level 1:colcon.colcon_core.environment:checking '/home/vella/ros2_ws/install/turtlesim_automata/lib/python3.10/site-packages'
[16.682s] Level 1:colcon.colcon_core.environment:checking '/home/vella/ros2_ws/install/turtlesim_automata/bin'
[16.682s] INFO:colcon.colcon_core.shell:Creating package script '/home/vella/ros2_ws/install/turtlesim_automata/share/turtlesim_automata/package.ps1'
[16.683s] INFO:colcon.colcon_core.shell:Creating package descriptor '/home/vella/ros2_ws/install/turtlesim_automata/share/turtlesim_automata/package.dsv'
[16.684s] INFO:colcon.colcon_core.shell:Creating package script '/home/vella/ros2_ws/install/turtlesim_automata/share/turtlesim_automata/package.sh'
[16.685s] INFO:colcon.colcon_core.shell:Creating package script '/home/vella/ros2_ws/install/turtlesim_automata/share/turtlesim_automata/package.bash'
[16.686s] INFO:colcon.colcon_core.shell:Creating package script '/home/vella/ros2_ws/install/turtlesim_automata/share/turtlesim_automata/package.zsh'
[16.687s] Level 1:colcon.colcon_core.environment:create_file_with_runtime_dependencies(/home/vella/ros2_ws/install/turtlesim_automata/share/colcon-core/packages/turtlesim_automata)
[16.791s] Level 1:colcon.colcon_core.environment:create_environment_scripts_only(turtlesim_automata)
[16.791s] Level 1:colcon.colcon_core.environment:checking '/home/vella/ros2_ws/install/turtlesim_automata' for CMake module files
[16.792s] Level 1:colcon.colcon_core.environment:checking '/home/vella/ros2_ws/install/turtlesim_automata' for CMake config files
[16.792s] Level 1:colcon.colcon_core.shell:create_environment_hook('turtlesim_automata', 'cmake_prefix_path')
[16.792s] INFO:colcon.colcon_core.shell:Creating environment hook '/home/vella/ros2_ws/install/turtlesim_automata/share/turtlesim_automata/hook/cmake_prefix_path.ps1'
[16.792s] INFO:colcon.colcon_core.shell:Creating environment descriptor '/home/vella/ros2_ws/install/turtlesim_automata/share/turtlesim_automata/hook/cmake_prefix_path.dsv'
[16.793s] INFO:colcon.colcon_core.shell:Creating environment hook '/home/vella/ros2_ws/install/turtlesim_automata/share/turtlesim_automata/hook/cmake_prefix_path.sh'
[16.793s] Level 1:colcon.colcon_core.environment:checking '/home/vella/ros2_ws/install/turtlesim_automata/lib'
[16.793s] Level 1:colcon.colcon_core.environment:checking '/home/vella/ros2_ws/install/turtlesim_automata/bin'
[16.794s] Level 1:colcon.colcon_core.environment:checking '/home/vella/ros2_ws/install/turtlesim_automata/lib/pkgconfig/turtlesim_automata.pc'
[16.794s] Level 1:colcon.colcon_core.environment:checking '/home/vella/ros2_ws/install/turtlesim_automata/lib/python3.10/site-packages'
[16.794s] Level 1:colcon.colcon_core.environment:checking '/home/vella/ros2_ws/install/turtlesim_automata/bin'
[16.794s] INFO:colcon.colcon_core.shell:Creating package script '/home/vella/ros2_ws/install/turtlesim_automata/share/turtlesim_automata/package.ps1'
[16.795s] INFO:colcon.colcon_core.shell:Creating package descriptor '/home/vella/ros2_ws/install/turtlesim_automata/share/turtlesim_automata/package.dsv'
[16.795s] INFO:colcon.colcon_core.shell:Creating package script '/home/vella/ros2_ws/install/turtlesim_automata/share/turtlesim_automata/package.sh'
[16.796s] INFO:colcon.colcon_core.shell:Creating package script '/home/vella/ros2_ws/install/turtlesim_automata/share/turtlesim_automata/package.bash'
[16.796s] INFO:colcon.colcon_core.shell:Creating package script '/home/vella/ros2_ws/install/turtlesim_automata/share/turtlesim_automata/package.zsh'
[16.796s] Level 1:colcon.colcon_core.environment:create_file_with_runtime_dependencies(/home/vella/ros2_ws/install/turtlesim_automata/share/colcon-core/packages/turtlesim_automata)
[16.797s] DEBUG:colcon.colcon_parallel_executor.executor.parallel:closing loop
[16.798s] DEBUG:colcon.colcon_parallel_executor.executor.parallel:loop closed
[16.798s] DEBUG:colcon.colcon_parallel_executor.executor.parallel:run_until_complete finished with '0'
[16.798s] DEBUG:colcon.colcon_core.event_reactor:joining thread
[16.806s] INFO:colcon.colcon_core.plugin_system:Skipping extension 'colcon_notification.desktop_notification.terminal_notifier': Not used on non-Darwin systems
[16.806s] INFO:colcon.colcon_core.plugin_system:Skipping extension 'colcon_notification.desktop_notification.win32': Not used on non-Windows systems
[16.806s] INFO:colcon.colcon_notification.desktop_notification:Sending desktop notification using 'notify2'
[16.872s] DEBUG:colcon.colcon_core.event_reactor:joined thread
[16.873s] INFO:colcon.colcon_core.shell:Creating prefix script '/home/vella/ros2_ws/install/local_setup.ps1'
[16.874s] INFO:colcon.colcon_core.shell:Creating prefix util module '/home/vella/ros2_ws/install/_local_setup_util_ps1.py'
[16.875s] INFO:colcon.colcon_core.shell:Creating prefix chain script '/home/vella/ros2_ws/install/setup.ps1'
[16.876s] INFO:colcon.colcon_core.shell:Creating prefix script '/home/vella/ros2_ws/install/local_setup.sh'
[16.876s] INFO:colcon.colcon_core.shell:Creating prefix util module '/home/vella/ros2_ws/install/_local_setup_util_sh.py'
[16.877s] INFO:colcon.colcon_core.shell:Creating prefix chain script '/home/vella/ros2_ws/install/setup.sh'
[16.878s] INFO:colcon.colcon_core.shell:Creating prefix script '/home/vella/ros2_ws/install/local_setup.bash'
[16.878s] INFO:colcon.colcon_core.shell:Creating prefix chain script '/home/vella/ros2_ws/install/setup.bash'
[16.879s] INFO:colcon.colcon_core.shell:Creating prefix script '/home/vella/ros2_ws/install/local_setup.zsh'
[16.880s] INFO:colcon.colcon_core.shell:Creating prefix chain script '/home/vella/ros2_ws/install/setup.zsh'
