[0.042s] Invoking command in '/home/vella/ros2_ws/build/turtlesim_automata': CMAKE_PREFIX_PATH=/opt/ros/humble /usr/bin/cmake --build /home/vella/ros2_ws/build/turtlesim_automata -- -j7 -l7
[0.145s] [35m[1mConsolidate compiler generated dependencies of target turtlesim_automata_node[0m
[0.189s] [ 50%] [32mBuilding CXX object CMakeFiles/turtlesim_automata_node.dir/src/turtlesim_automata_node.cpp.o[0m
[12.059s] [100%] [32m[1mLinking CXX executable turtlesim_automata_node[0m
[12.640s] [100%] Built target turtlesim_automata_node
[12.680s] Invoked command in '/home/vella/ros2_ws/build/turtlesim_automata' returned '0': CMAKE_PREFIX_PATH=/opt/ros/humble /usr/bin/cmake --build /home/vella/ros2_ws/build/turtlesim_automata -- -j7 -l7
[12.804s] Invoking command in '/home/vella/ros2_ws/build/turtlesim_automata': CMAKE_PREFIX_PATH=/opt/ros/humble /usr/bin/cmake --install /home/vella/ros2_ws/build/turtlesim_automata
[12.819s] -- Install configuration: ""
[12.819s] -- Installing: /home/vella/ros2_ws/install/turtlesim_automata/lib/turtlesim_automata/turtlesim_automata_node
[12.826s] -- Set runtime path of "/home/vella/ros2_ws/install/turtlesim_automata/lib/turtlesim_automata/turtlesim_automata_node" to ""
[12.826s] -- Up-to-date: /home/vella/ros2_ws/install/turtlesim_automata/share/ament_index/resource_index/package_run_dependencies/turtlesim_automata
[12.826s] -- Up-to-date: /home/vella/ros2_ws/install/turtlesim_automata/share/ament_index/resource_index/parent_prefix_path/turtlesim_automata
[12.826s] -- Up-to-date: /home/vella/ros2_ws/install/turtlesim_automata/share/turtlesim_automata/environment/ament_prefix_path.sh
[12.826s] -- Up-to-date: /home/vella/ros2_ws/install/turtlesim_automata/share/turtlesim_automata/environment/ament_prefix_path.dsv
[12.826s] -- Up-to-date: /home/vella/ros2_ws/install/turtlesim_automata/share/turtlesim_automata/environment/path.sh
[12.827s] -- Up-to-date: /home/vella/ros2_ws/install/turtlesim_automata/share/turtlesim_automata/environment/path.dsv
[12.827s] -- Up-to-date: /home/vella/ros2_ws/install/turtlesim_automata/share/turtlesim_automata/local_setup.bash
[12.827s] -- Up-to-date: /home/vella/ros2_ws/install/turtlesim_automata/share/turtlesim_automata/local_setup.sh
[12.827s] -- Up-to-date: /home/vella/ros2_ws/install/turtlesim_automata/share/turtlesim_automata/local_setup.zsh
[12.827s] -- Up-to-date: /home/vella/ros2_ws/install/turtlesim_automata/share/turtlesim_automata/local_setup.dsv
[12.827s] -- Installing: /home/vella/ros2_ws/install/turtlesim_automata/share/turtlesim_automata/package.dsv
[12.827s] -- Up-to-date: /home/vella/ros2_ws/install/turtlesim_automata/share/ament_index/resource_index/packages/turtlesim_automata
[12.827s] -- Up-to-date: /home/vella/ros2_ws/install/turtlesim_automata/share/turtlesim_automata/cmake/turtlesim_automataConfig.cmake
[12.827s] -- Up-to-date: /home/vella/ros2_ws/install/turtlesim_automata/share/turtlesim_automata/cmake/turtlesim_automataConfig-version.cmake
[12.827s] -- Up-to-date: /home/vella/ros2_ws/install/turtlesim_automata/share/turtlesim_automata/package.xml
[12.867s] Invoked command in '/home/vella/ros2_ws/build/turtlesim_automata' returned '0': CMAKE_PREFIX_PATH=/opt/ros/humble /usr/bin/cmake --install /home/vella/ros2_ws/build/turtlesim_automata
