[0.046s] Invoking command in '/home/vella/ros2_ws_2/build/turtlesim_automata': CMAKE_PREFIX_PATH=/opt/ros/humble /usr/bin/cmake --build /home/vella/ros2_ws_2/build/turtlesim_automata -- -j7 -l7
[0.123s] [35m[1mConsolidate compiler generated dependencies of target turtlesim_automata_node[0m
[0.173s] [100%] Built target turtlesim_automata_node
[0.190s] Invoked command in '/home/vella/ros2_ws_2/build/turtlesim_automata' returned '0': CMAKE_PREFIX_PATH=/opt/ros/humble /usr/bin/cmake --build /home/vella/ros2_ws_2/build/turtlesim_automata -- -j7 -l7
[0.309s] Invoking command in '/home/vella/ros2_ws_2/build/turtlesim_automata': CMAKE_PREFIX_PATH=/opt/ros/humble /usr/bin/cmake --install /home/vella/ros2_ws_2/build/turtlesim_automata
[0.321s] -- Install configuration: ""
[0.323s] -- Up-to-date: /home/vella/ros2_ws_2/install/turtlesim_automata/lib/turtlesim_automata/turtlesim_automata_node
[0.323s] -- Up-to-date: /home/vella/ros2_ws_2/install/turtlesim_automata/share/ament_index/resource_index/package_run_dependencies/turtlesim_automata
[0.323s] -- Up-to-date: /home/vella/ros2_ws_2/install/turtlesim_automata/share/ament_index/resource_index/parent_prefix_path/turtlesim_automata
[0.324s] -- Up-to-date: /home/vella/ros2_ws_2/install/turtlesim_automata/share/turtlesim_automata/environment/ament_prefix_path.sh
[0.324s] -- Up-to-date: /home/vella/ros2_ws_2/install/turtlesim_automata/share/turtlesim_automata/environment/ament_prefix_path.dsv
[0.324s] -- Up-to-date: /home/vella/ros2_ws_2/install/turtlesim_automata/share/turtlesim_automata/environment/path.sh
[0.324s] -- Up-to-date: /home/vella/ros2_ws_2/install/turtlesim_automata/share/turtlesim_automata/environment/path.dsv
[0.324s] -- Up-to-date: /home/vella/ros2_ws_2/install/turtlesim_automata/share/turtlesim_automata/local_setup.bash
[0.325s] -- Up-to-date: /home/vella/ros2_ws_2/install/turtlesim_automata/share/turtlesim_automata/local_setup.sh
[0.325s] -- Up-to-date: /home/vella/ros2_ws_2/install/turtlesim_automata/share/turtlesim_automata/local_setup.zsh
[0.325s] -- Up-to-date: /home/vella/ros2_ws_2/install/turtlesim_automata/share/turtlesim_automata/local_setup.dsv
[0.325s] -- Installing: /home/vella/ros2_ws_2/install/turtlesim_automata/share/turtlesim_automata/package.dsv
[0.325s] -- Up-to-date: /home/vella/ros2_ws_2/install/turtlesim_automata/share/ament_index/resource_index/packages/turtlesim_automata
[0.325s] -- Up-to-date: /home/vella/ros2_ws_2/install/turtlesim_automata/share/turtlesim_automata/cmake/turtlesim_automataConfig.cmake
[0.325s] -- Up-to-date: /home/vella/ros2_ws_2/install/turtlesim_automata/share/turtlesim_automata/cmake/turtlesim_automataConfig-version.cmake
[0.325s] -- Up-to-date: /home/vella/ros2_ws_2/install/turtlesim_automata/share/turtlesim_automata/package.xml
[0.328s] Invoked command in '/home/vella/ros2_ws_2/build/turtlesim_automata' returned '0': CMAKE_PREFIX_PATH=/opt/ros/humble /usr/bin/cmake --install /home/vella/ros2_ws_2/build/turtlesim_automata
