[0.017s] Invoking command in '/home/vella/ros2_ws_2/build/turtlesim_automata': CMAKE_PREFIX_PATH=/opt/ros/humble /usr/bin/cmake /home/vella/ros2_ws_2/src/turtlesim_automata -DCMAKE_INSTALL_PREFIX=/home/vella/ros2_ws_2/install/turtlesim_automata
[0.454s] -- The C compiler identification is GNU 11.4.0
[0.713s] -- The CXX compiler identification is GNU 11.4.0
[0.747s] -- Detecting C compiler ABI info
[0.968s] -- Detecting C compiler ABI info - done
[0.973s] -- Check for working C compiler: /usr/bin/cc - skipped
[0.974s] -- Detecting C compile features
[0.977s] -- Detecting C compile features - done
[0.990s] -- Detecting CXX compiler ABI info
[1.159s] -- Detecting CXX compiler ABI info - done
[1.166s] -- Check for working CXX compiler: /usr/bin/c++ - skipped
[1.166s] -- Detecting CXX compile features
[1.166s] -- Detecting CXX compile features - done
[1.216s] -- Found ament_cmake: 1.3.9 (/opt/ros/humble/share/ament_cmake/cmake)
[1.506s] -- Found Python3: /usr/bin/python3 (found version "3.10.12") found components: Interpreter 
[1.818s] -- Found rclcpp: 16.0.9 (/opt/ros/humble/share/rclcpp/cmake)
[2.031s] -- Found rosidl_generator_c: 3.1.5 (/opt/ros/humble/share/rosidl_generator_c/cmake)
[2.086s] -- Found rosidl_adapter: 3.1.5 (/opt/ros/humble/share/rosidl_adapter/cmake)
[2.126s] -- Found rosidl_generator_cpp: 3.1.5 (/opt/ros/humble/share/rosidl_generator_cpp/cmake)
[2.214s] -- Using all available rosidl_typesupport_c: rosidl_typesupport_fastrtps_c;rosidl_typesupport_introspection_c
[2.279s] -- Using all available rosidl_typesupport_cpp: rosidl_typesupport_fastrtps_cpp;rosidl_typesupport_introspection_cpp
[2.542s] -- Found rmw_implementation_cmake: 6.1.2 (/opt/ros/humble/share/rmw_implementation_cmake/cmake)
[2.552s] -- Found rmw_fastrtps_cpp: 6.2.6 (/opt/ros/humble/share/rmw_fastrtps_cpp/cmake)
[3.009s] -- Found OpenSSL: /usr/lib/x86_64-linux-gnu/libcrypto.so (found version "3.0.2")  
[3.070s] -- Found FastRTPS: /opt/ros/humble/include  
[3.143s] -- Using RMW implementation 'rmw_fastrtps_cpp' as default
[3.177s] -- Looking for pthread.h
[3.366s] -- Looking for pthread.h - found
[3.366s] -- Performing Test CMAKE_HAVE_LIBC_PTHREAD
[3.538s] -- Performing Test CMAKE_HAVE_LIBC_PTHREAD - Success
[3.539s] -- Found Threads: TRUE  
[3.917s] -- Found turtlesim: 1.4.2 (/opt/ros/humble/share/turtlesim/cmake)
[4.204s] -- Found geometry_msgs: 4.2.3 (/opt/ros/humble/share/geometry_msgs/cmake)
[4.410s] -- Configuring done
[4.435s] -- Generating done
[4.436s] -- Build files have been written to: /home/vella/ros2_ws_2/build/turtlesim_automata
[4.453s] Invoked command in '/home/vella/ros2_ws_2/build/turtlesim_automata' returned '0': CMAKE_PREFIX_PATH=/opt/ros/humble /usr/bin/cmake /home/vella/ros2_ws_2/src/turtlesim_automata -DCMAKE_INSTALL_PREFIX=/home/vella/ros2_ws_2/install/turtlesim_automata
[4.454s] Invoking command in '/home/vella/ros2_ws_2/build/turtlesim_automata': CMAKE_PREFIX_PATH=/opt/ros/humble /usr/bin/cmake --build /home/vella/ros2_ws_2/build/turtlesim_automata -- -j7 -l7
[4.557s] [ 50%] [32mBuilding CXX object CMakeFiles/turtlesim_automata_node.dir/src/turtlesim_automata_node.cpp.o[0m
[20.608s] [100%] [32m[1mLinking CXX executable turtlesim_automata_node[0m
[21.031s] [100%] Built target turtlesim_automata_node
[21.076s] Invoked command in '/home/vella/ros2_ws_2/build/turtlesim_automata' returned '0': CMAKE_PREFIX_PATH=/opt/ros/humble /usr/bin/cmake --build /home/vella/ros2_ws_2/build/turtlesim_automata -- -j7 -l7
[21.173s] Invoking command in '/home/vella/ros2_ws_2/build/turtlesim_automata': CMAKE_PREFIX_PATH=/opt/ros/humble /usr/bin/cmake --install /home/vella/ros2_ws_2/build/turtlesim_automata
[21.198s] -- Install configuration: ""
[21.199s] -- Installing: /home/vella/ros2_ws_2/install/turtlesim_automata/lib/turtlesim_automata/turtlesim_automata_node
[21.209s] -- Set runtime path of "/home/vella/ros2_ws_2/install/turtlesim_automata/lib/turtlesim_automata/turtlesim_automata_node" to ""
[21.209s] -- Installing: /home/vella/ros2_ws_2/install/turtlesim_automata/share/ament_index/resource_index/package_run_dependencies/turtlesim_automata
[21.209s] -- Installing: /home/vella/ros2_ws_2/install/turtlesim_automata/share/ament_index/resource_index/parent_prefix_path/turtlesim_automata
[21.209s] -- Up-to-date: /home/vella/ros2_ws_2/install/turtlesim_automata/share/turtlesim_automata/environment/ament_prefix_path.sh
[21.209s] -- Installing: /home/vella/ros2_ws_2/install/turtlesim_automata/share/turtlesim_automata/environment/ament_prefix_path.dsv
[21.209s] -- Up-to-date: /home/vella/ros2_ws_2/install/turtlesim_automata/share/turtlesim_automata/environment/path.sh
[21.209s] -- Installing: /home/vella/ros2_ws_2/install/turtlesim_automata/share/turtlesim_automata/environment/path.dsv
[21.209s] -- Installing: /home/vella/ros2_ws_2/install/turtlesim_automata/share/turtlesim_automata/local_setup.bash
[21.210s] -- Installing: /home/vella/ros2_ws_2/install/turtlesim_automata/share/turtlesim_automata/local_setup.sh
[21.210s] -- Installing: /home/vella/ros2_ws_2/install/turtlesim_automata/share/turtlesim_automata/local_setup.zsh
[21.210s] -- Installing: /home/vella/ros2_ws_2/install/turtlesim_automata/share/turtlesim_automata/local_setup.dsv
[21.211s] -- Installing: /home/vella/ros2_ws_2/install/turtlesim_automata/share/turtlesim_automata/package.dsv
[21.211s] -- Installing: /home/vella/ros2_ws_2/install/turtlesim_automata/share/ament_index/resource_index/packages/turtlesim_automata
[21.212s] -- Installing: /home/vella/ros2_ws_2/install/turtlesim_automata/share/turtlesim_automata/cmake/turtlesim_automataConfig.cmake
[21.212s] -- Installing: /home/vella/ros2_ws_2/install/turtlesim_automata/share/turtlesim_automata/cmake/turtlesim_automataConfig-version.cmake
[21.213s] -- Up-to-date: /home/vella/ros2_ws_2/install/turtlesim_automata/share/turtlesim_automata/package.xml
[21.215s] Invoked command in '/home/vella/ros2_ws_2/build/turtlesim_automata' returned '0': CMAKE_PREFIX_PATH=/opt/ros/humble /usr/bin/cmake --install /home/vella/ros2_ws_2/build/turtlesim_automata
