[0.040s] Invoking command in '/home/vella/ros2_ws/build/turtlesimAutomata': CMAKE_PREFIX_PATH=/opt/ros/humble /usr/bin/cmake /home/vella/ros2_ws/src/turtlesimAutomata -DCMAKE_INSTALL_PREFIX=/home/vella/ros2_ws/install/turtlesimAutomata
[0.431s] -- The C compiler identification is GNU 11.4.0
[0.596s] -- The CXX compiler identification is GNU 11.4.0
[0.619s] -- Detecting C compiler ABI info
[0.875s] -- Detecting C compiler ABI info - done
[0.886s] -- Check for working C compiler: /usr/bin/cc - skipped
[0.886s] -- Detecting C compile features
[0.887s] -- Detecting C compile features - done
[0.904s] -- Detecting CXX compiler ABI info
[1.178s] -- Detecting CXX compiler ABI info - done
[1.193s] -- Check for working CXX compiler: /usr/bin/c++ - skipped
[1.193s] -- Detecting CXX compile features
[1.193s] -- Detecting CXX compile features - done
[1.206s] -- Found ament_cmake: 1.3.9 (/opt/ros/humble/share/ament_cmake/cmake)
[1.504s] -- Found Python3: /usr/bin/python3 (found version "3.10.12") found components: Interpreter 
[1.696s] -- Found rclcpp: 16.0.9 (/opt/ros/humble/share/rclcpp/cmake)
[1.798s] -- Found rosidl_generator_c: 3.1.5 (/opt/ros/humble/share/rosidl_generator_c/cmake)
[1.809s] -- Found rosidl_adapter: 3.1.5 (/opt/ros/humble/share/rosidl_adapter/cmake)
[1.820s] -- Found rosidl_generator_cpp: 3.1.5 (/opt/ros/humble/share/rosidl_generator_cpp/cmake)
[1.857s] -- Using all available rosidl_typesupport_c: rosidl_typesupport_fastrtps_c;rosidl_typesupport_introspection_c
[1.896s] -- Using all available rosidl_typesupport_cpp: rosidl_typesupport_fastrtps_cpp;rosidl_typesupport_introspection_cpp
[2.012s] -- Found rmw_implementation_cmake: 6.1.2 (/opt/ros/humble/share/rmw_implementation_cmake/cmake)
[2.016s] -- Found rmw_fastrtps_cpp: 6.2.6 (/opt/ros/humble/share/rmw_fastrtps_cpp/cmake)
[2.321s] -- Found OpenSSL: /usr/lib/x86_64-linux-gnu/libcrypto.so (found version "3.0.2")  
[2.380s] -- Found FastRTPS: /opt/ros/humble/include  
[2.450s] -- Using RMW implementation 'rmw_fastrtps_cpp' as default
[2.465s] -- Looking for pthread.h
[2.666s] -- Looking for pthread.h - found
[2.667s] -- Performing Test CMAKE_HAVE_LIBC_PTHREAD
[2.879s] -- Performing Test CMAKE_HAVE_LIBC_PTHREAD - Success
[2.879s] -- Found Threads: TRUE  
[3.151s] -- Found turtlesim: 1.4.2 (/opt/ros/humble/share/turtlesim/cmake)
[3.369s] -- Found geometry_msgs: 4.2.3 (/opt/ros/humble/share/geometry_msgs/cmake)
[3.599s] WARNING: Package name "turtlesimAutomata" does not follow the naming conventions. It should start with a lower case letter and only contain lower case letters, digits, underscores, and dashes.
[3.600s] [31mCMake Error at /opt/ros/humble/share/ament_cmake_core/cmake/core/ament_package_xml.cmake:53 (message):
[3.600s]   ament_package_xml() package name 'turtlesimAutomata' in '/package.xml' does
[3.601s]   not match current PROJECT_NAME 'turtlesim_automata'.  You must call
[3.601s]   project() with the same package name before.
[3.601s] Call Stack (most recent call first):
[3.601s]   /opt/ros/humble/share/ament_cmake_core/cmake/core/ament_package.cmake:63 (ament_package_xml)
[3.601s]   CMakeLists.txt:17 (ament_package)
[3.601s] 
[3.601s] [0m
[3.601s] -- Configuring incomplete, errors occurred!
[3.602s] See also "/home/vella/ros2_ws/build/turtlesimAutomata/CMakeFiles/CMakeOutput.log".
[3.626s] Invoked command in '/home/vella/ros2_ws/build/turtlesimAutomata' returned '1': CMAKE_PREFIX_PATH=/opt/ros/humble /usr/bin/cmake /home/vella/ros2_ws/src/turtlesimAutomata -DCMAKE_INSTALL_PREFIX=/home/vella/ros2_ws/install/turtlesimAutomata
