[0.113s] DEBUG:colcon:Command line arguments: ['/usr/bin/colcon', 'build']
[0.113s] DEBUG:colcon:Parsed command line arguments: Namespace(log_base=None, log_level=None, verb_name='build', build_base='build', install_base='install', merge_install=False, symlink_install=False, test_result_base=None, continue_on_error=False, executor='parallel', parallel_workers=7, event_handlers=None, ignore_user_meta=False, metas=['./colcon.meta'], base_paths=['.'], packages_ignore=None, packages_ignore_regex=None, paths=None, packages_up_to=None, packages_up_to_regex=None, packages_above=None, packages_above_and_dependencies=None, packages_above_depth=None, packages_select_by_dep=None, packages_skip_by_dep=None, packages_skip_up_to=None, packages_select_build_failed=False, packages_skip_build_finished=False, packages_select_test_failures=False, packages_skip_test_passed=False, packages_select=None, packages_skip=None, packages_select_regex=None, packages_skip_regex=None, packages_start=None, packages_end=None, allow_overriding=[], cmake_args=None, cmake_target=None, cmake_target_skip_unavailable=False, cmake_clean_cache=False, cmake_clean_first=False, cmake_force_configure=False, ament_cmake_args=None, catkin_cmake_args=None, catkin_skip_building_tests=False, mixin_files=None, mixin=None, verb_parser=<colcon_mixin.mixin.mixin_argument.MixinArgumentDecorator object at 0x723fe8901ae0>, verb_extension=<colcon_core.verb.build.BuildVerb object at 0x723fe89015a0>, main=<bound method BuildVerb.main of <colcon_core.verb.build.BuildVerb object at 0x723fe89015a0>>, mixin_verb=('build',))
[0.288s] Level 1:colcon.colcon_core.package_discovery:discover_packages(colcon_meta) check parameters
[0.288s] Level 1:colcon.colcon_core.package_discovery:discover_packages(recursive) check parameters
[0.288s] Level 1:colcon.colcon_core.package_discovery:discover_packages(ignore) check parameters
[0.288s] Level 1:colcon.colcon_core.package_discovery:discover_packages(path) check parameters
[0.288s] Level 1:colcon.colcon_core.package_discovery:discover_packages(colcon_meta) discover
[0.288s] Level 1:colcon.colcon_core.package_discovery:discover_packages(recursive) discover
[0.288s] INFO:colcon.colcon_core.package_discovery:Crawling recursively for packages in '/home/vella/ros2_ws'
[0.289s] Level 1:colcon.colcon_core.package_identification:_identify(.) by extensions ['ignore', 'ignore_ament_install']
[0.289s] Level 1:colcon.colcon_core.package_identification:_identify(.) by extension 'ignore'
[0.289s] Level 1:colcon.colcon_core.package_identification:_identify(.) by extension 'ignore_ament_install'
[0.289s] Level 1:colcon.colcon_core.package_identification:_identify(.) by extensions ['colcon_pkg']
[0.289s] Level 1:colcon.colcon_core.package_identification:_identify(.) by extension 'colcon_pkg'
[0.289s] Level 1:colcon.colcon_core.package_identification:_identify(.) by extensions ['colcon_meta']
[0.289s] Level 1:colcon.colcon_core.package_identification:_identify(.) by extension 'colcon_meta'
[0.289s] Level 1:colcon.colcon_core.package_identification:_identify(.) by extensions ['ros']
[0.289s] Level 1:colcon.colcon_core.package_identification:_identify(.) by extension 'ros'
[0.301s] Level 1:colcon.colcon_core.package_identification:_identify(.) by extensions ['cmake', 'python']
[0.301s] Level 1:colcon.colcon_core.package_identification:_identify(.) by extension 'cmake'
[0.301s] Level 1:colcon.colcon_core.package_identification:_identify(.) by extension 'python'
[0.301s] Level 1:colcon.colcon_core.package_identification:_identify(.) by extensions ['python_setup_py']
[0.301s] Level 1:colcon.colcon_core.package_identification:_identify(.) by extension 'python_setup_py'
[0.301s] Level 1:colcon.colcon_core.package_identification:_identify(build) by extensions ['ignore', 'ignore_ament_install']
[0.301s] Level 1:colcon.colcon_core.package_identification:_identify(build) by extension 'ignore'
[0.301s] Level 1:colcon.colcon_core.package_identification:_identify(build) ignored
[0.301s] Level 1:colcon.colcon_core.package_identification:_identify(install) by extensions ['ignore', 'ignore_ament_install']
[0.301s] Level 1:colcon.colcon_core.package_identification:_identify(install) by extension 'ignore'
[0.301s] Level 1:colcon.colcon_core.package_identification:_identify(install) ignored
[0.302s] Level 1:colcon.colcon_core.package_identification:_identify(log) by extensions ['ignore', 'ignore_ament_install']
[0.302s] Level 1:colcon.colcon_core.package_identification:_identify(log) by extension 'ignore'
[0.302s] Level 1:colcon.colcon_core.package_identification:_identify(log) ignored
[0.302s] Level 1:colcon.colcon_core.package_identification:_identify(src) by extensions ['ignore', 'ignore_ament_install']
[0.302s] Level 1:colcon.colcon_core.package_identification:_identify(src) by extension 'ignore'
[0.302s] Level 1:colcon.colcon_core.package_identification:_identify(src) by extension 'ignore_ament_install'
[0.302s] Level 1:colcon.colcon_core.package_identification:_identify(src) by extensions ['colcon_pkg']
[0.302s] Level 1:colcon.colcon_core.package_identification:_identify(src) by extension 'colcon_pkg'
[0.302s] Level 1:colcon.colcon_core.package_identification:_identify(src) by extensions ['colcon_meta']
[0.302s] Level 1:colcon.colcon_core.package_identification:_identify(src) by extension 'colcon_meta'
[0.302s] Level 1:colcon.colcon_core.package_identification:_identify(src) by extensions ['ros']
[0.302s] Level 1:colcon.colcon_core.package_identification:_identify(src) by extension 'ros'
[0.302s] Level 1:colcon.colcon_core.package_identification:_identify(src) by extensions ['cmake', 'python']
[0.303s] Level 1:colcon.colcon_core.package_identification:_identify(src) by extension 'cmake'
[0.303s] Level 1:colcon.colcon_core.package_identification:_identify(src) by extension 'python'
[0.303s] Level 1:colcon.colcon_core.package_identification:_identify(src) by extensions ['python_setup_py']
[0.303s] Level 1:colcon.colcon_core.package_identification:_identify(src) by extension 'python_setup_py'
[0.303s] Level 1:colcon.colcon_core.package_identification:_identify(src/turtlesim_automata) by extensions ['ignore', 'ignore_ament_install']
[0.303s] Level 1:colcon.colcon_core.package_identification:_identify(src/turtlesim_automata) by extension 'ignore'
[0.303s] Level 1:colcon.colcon_core.package_identification:_identify(src/turtlesim_automata) by extension 'ignore_ament_install'
[0.303s] Level 1:colcon.colcon_core.package_identification:_identify(src/turtlesim_automata) by extensions ['colcon_pkg']
[0.303s] Level 1:colcon.colcon_core.package_identification:_identify(src/turtlesim_automata) by extension 'colcon_pkg'
[0.303s] Level 1:colcon.colcon_core.package_identification:_identify(src/turtlesim_automata) by extensions ['colcon_meta']
[0.303s] Level 1:colcon.colcon_core.package_identification:_identify(src/turtlesim_automata) by extension 'colcon_meta'
[0.303s] Level 1:colcon.colcon_core.package_identification:_identify(src/turtlesim_automata) by extensions ['ros']
[0.303s] Level 1:colcon.colcon_core.package_identification:_identify(src/turtlesim_automata) by extension 'ros'
[0.305s] DEBUG:colcon.colcon_core.package_identification:Package 'src/turtlesim_automata' with type 'ros.ament_cmake' and name 'turtlesim_automata'
[0.305s] Level 1:colcon.colcon_core.package_discovery:discover_packages(recursive) using defaults
[0.305s] Level 1:colcon.colcon_core.package_discovery:discover_packages(ignore) discover
[0.305s] Level 1:colcon.colcon_core.package_discovery:discover_packages(ignore) using defaults
[0.305s] Level 1:colcon.colcon_core.package_discovery:discover_packages(path) discover
[0.305s] Level 1:colcon.colcon_core.package_discovery:discover_packages(path) using defaults
[0.327s] Level 1:colcon.colcon_core.package_discovery:discover_packages(prefix_path) check parameters
[0.327s] Level 1:colcon.colcon_core.package_discovery:discover_packages(prefix_path) discover
[0.346s] DEBUG:colcon.colcon_installed_package_information.package_discovery:Found 308 installed packages in /opt/ros/humble
[0.347s] Level 1:colcon.colcon_core.package_discovery:discover_packages(prefix_path) using defaults
[0.383s] Level 5:colcon.colcon_core.verb:set package 'turtlesim_automata' build argument 'cmake_args' from command line to 'None'
[0.383s] Level 5:colcon.colcon_core.verb:set package 'turtlesim_automata' build argument 'cmake_target' from command line to 'None'
[0.383s] Level 5:colcon.colcon_core.verb:set package 'turtlesim_automata' build argument 'cmake_target_skip_unavailable' from command line to 'False'
[0.383s] Level 5:colcon.colcon_core.verb:set package 'turtlesim_automata' build argument 'cmake_clean_cache' from command line to 'False'
[0.383s] Level 5:colcon.colcon_core.verb:set package 'turtlesim_automata' build argument 'cmake_clean_first' from command line to 'False'
[0.383s] Level 5:colcon.colcon_core.verb:set package 'turtlesim_automata' build argument 'cmake_force_configure' from command line to 'False'
[0.383s] Level 5:colcon.colcon_core.verb:set package 'turtlesim_automata' build argument 'ament_cmake_args' from command line to 'None'
[0.383s] Level 5:colcon.colcon_core.verb:set package 'turtlesim_automata' build argument 'catkin_cmake_args' from command line to 'None'
[0.383s] Level 5:colcon.colcon_core.verb:set package 'turtlesim_automata' build argument 'catkin_skip_building_tests' from command line to 'False'
[0.383s] DEBUG:colcon.colcon_core.verb:Building package 'turtlesim_automata' with the following arguments: {'ament_cmake_args': None, 'build_base': '/home/vella/ros2_ws/build/turtlesim_automata', 'catkin_cmake_args': None, 'catkin_skip_building_tests': False, 'cmake_args': None, 'cmake_clean_cache': False, 'cmake_clean_first': False, 'cmake_force_configure': False, 'cmake_target': None, 'cmake_target_skip_unavailable': False, 'install_base': '/home/vella/ros2_ws/install/turtlesim_automata', 'merge_install': False, 'path': '/home/vella/ros2_ws/src/turtlesim_automata', 'symlink_install': False, 'test_result_base': None}
[0.384s] INFO:colcon.colcon_core.executor:Executing jobs using 'parallel' executor
[0.385s] DEBUG:colcon.colcon_parallel_executor.executor.parallel:run_until_complete
[0.385s] INFO:colcon.colcon_ros.task.ament_cmake.build:Building ROS package in '/home/vella/ros2_ws/src/turtlesim_automata' with build type 'ament_cmake'
[0.385s] INFO:colcon.colcon_cmake.task.cmake.build:Building CMake package in '/home/vella/ros2_ws/src/turtlesim_automata'
[0.388s] INFO:colcon.colcon_core.plugin_system:Skipping extension 'colcon_core.shell.bat': Not used on non-Windows systems
[0.388s] INFO:colcon.colcon_core.shell:Skip shell extension 'powershell' for command environment: Not usable outside of PowerShell
[0.388s] DEBUG:colcon.colcon_core.shell:Skip shell extension 'dsv' for command environment
[0.404s] DEBUG:colcon.colcon_core.event_handler.log_command:Invoking command in '/home/vella/ros2_ws/build/turtlesim_automata': CMAKE_PREFIX_PATH=/opt/ros/humble /usr/bin/cmake --build /home/vella/ros2_ws/build/turtlesim_automata -- -j7 -l7
[0.566s] DEBUG:colcon.colcon_core.event_handler.log_command:Invoked command in '/home/vella/ros2_ws/build/turtlesim_automata' returned '0': CMAKE_PREFIX_PATH=/opt/ros/humble /usr/bin/cmake --build /home/vella/ros2_ws/build/turtlesim_automata -- -j7 -l7
[0.648s] DEBUG:colcon.colcon_core.event_handler.log_command:Invoking command in '/home/vella/ros2_ws/build/turtlesim_automata': CMAKE_PREFIX_PATH=/opt/ros/humble /usr/bin/cmake --install /home/vella/ros2_ws/build/turtlesim_automata
[0.686s] Level 1:colcon.colcon_core.environment:create_environment_scripts_only(turtlesim_automata)
[0.700s] DEBUG:colcon.colcon_core.event_handler.log_command:Invoked command in '/home/vella/ros2_ws/build/turtlesim_automata' returned '0': CMAKE_PREFIX_PATH=/opt/ros/humble /usr/bin/cmake --install /home/vella/ros2_ws/build/turtlesim_automata
[0.701s] Level 1:colcon.colcon_core.environment:checking '/home/vella/ros2_ws/install/turtlesim_automata' for CMake module files
[0.702s] Level 1:colcon.colcon_core.environment:checking '/home/vella/ros2_ws/install/turtlesim_automata' for CMake config files
[0.702s] Level 1:colcon.colcon_core.shell:create_environment_hook('turtlesim_automata', 'cmake_prefix_path')
[0.702s] INFO:colcon.colcon_core.shell:Creating environment hook '/home/vella/ros2_ws/install/turtlesim_automata/share/turtlesim_automata/hook/cmake_prefix_path.ps1'
[0.705s] INFO:colcon.colcon_core.shell:Creating environment descriptor '/home/vella/ros2_ws/install/turtlesim_automata/share/turtlesim_automata/hook/cmake_prefix_path.dsv'
[0.706s] INFO:colcon.colcon_core.shell:Creating environment hook '/home/vella/ros2_ws/install/turtlesim_automata/share/turtlesim_automata/hook/cmake_prefix_path.sh'
[0.709s] Level 1:colcon.colcon_core.environment:checking '/home/vella/ros2_ws/install/turtlesim_automata/lib'
[0.709s] Level 1:colcon.colcon_core.environment:checking '/home/vella/ros2_ws/install/turtlesim_automata/bin'
[0.709s] Level 1:colcon.colcon_core.environment:checking '/home/vella/ros2_ws/install/turtlesim_automata/lib/pkgconfig/turtlesim_automata.pc'
[0.710s] Level 1:colcon.colcon_core.environment:checking '/home/vella/ros2_ws/install/turtlesim_automata/lib/python3.10/site-packages'
[0.710s] Level 1:colcon.colcon_core.environment:checking '/home/vella/ros2_ws/install/turtlesim_automata/bin'
[0.710s] INFO:colcon.colcon_core.shell:Creating package script '/home/vella/ros2_ws/install/turtlesim_automata/share/turtlesim_automata/package.ps1'
[0.713s] INFO:colcon.colcon_core.shell:Creating package descriptor '/home/vella/ros2_ws/install/turtlesim_automata/share/turtlesim_automata/package.dsv'
[0.716s] INFO:colcon.colcon_core.shell:Creating package script '/home/vella/ros2_ws/install/turtlesim_automata/share/turtlesim_automata/package.sh'
[0.717s] INFO:colcon.colcon_core.shell:Creating package script '/home/vella/ros2_ws/install/turtlesim_automata/share/turtlesim_automata/package.bash'
[0.718s] INFO:colcon.colcon_core.shell:Creating package script '/home/vella/ros2_ws/install/turtlesim_automata/share/turtlesim_automata/package.zsh'
[0.719s] Level 1:colcon.colcon_core.environment:create_file_with_runtime_dependencies(/home/vella/ros2_ws/install/turtlesim_automata/share/colcon-core/packages/turtlesim_automata)
[0.834s] Level 1:colcon.colcon_core.environment:create_environment_scripts_only(turtlesim_automata)
[0.835s] Level 1:colcon.colcon_core.environment:checking '/home/vella/ros2_ws/install/turtlesim_automata' for CMake module files
[0.835s] Level 1:colcon.colcon_core.environment:checking '/home/vella/ros2_ws/install/turtlesim_automata' for CMake config files
[0.835s] Level 1:colcon.colcon_core.shell:create_environment_hook('turtlesim_automata', 'cmake_prefix_path')
[0.836s] INFO:colcon.colcon_core.shell:Creating environment hook '/home/vella/ros2_ws/install/turtlesim_automata/share/turtlesim_automata/hook/cmake_prefix_path.ps1'
[0.837s] INFO:colcon.colcon_core.shell:Creating environment descriptor '/home/vella/ros2_ws/install/turtlesim_automata/share/turtlesim_automata/hook/cmake_prefix_path.dsv'
[0.838s] INFO:colcon.colcon_core.shell:Creating environment hook '/home/vella/ros2_ws/install/turtlesim_automata/share/turtlesim_automata/hook/cmake_prefix_path.sh'
[0.839s] Level 1:colcon.colcon_core.environment:checking '/home/vella/ros2_ws/install/turtlesim_automata/lib'
[0.839s] Level 1:colcon.colcon_core.environment:checking '/home/vella/ros2_ws/install/turtlesim_automata/bin'
[0.839s] Level 1:colcon.colcon_core.environment:checking '/home/vella/ros2_ws/install/turtlesim_automata/lib/pkgconfig/turtlesim_automata.pc'
[0.840s] Level 1:colcon.colcon_core.environment:checking '/home/vella/ros2_ws/install/turtlesim_automata/lib/python3.10/site-packages'
[0.840s] Level 1:colcon.colcon_core.environment:checking '/home/vella/ros2_ws/install/turtlesim_automata/bin'
[0.840s] INFO:colcon.colcon_core.shell:Creating package script '/home/vella/ros2_ws/install/turtlesim_automata/share/turtlesim_automata/package.ps1'
[0.841s] INFO:colcon.colcon_core.shell:Creating package descriptor '/home/vella/ros2_ws/install/turtlesim_automata/share/turtlesim_automata/package.dsv'
[0.842s] INFO:colcon.colcon_core.shell:Creating package script '/home/vella/ros2_ws/install/turtlesim_automata/share/turtlesim_automata/package.sh'
[0.844s] INFO:colcon.colcon_core.shell:Creating package script '/home/vella/ros2_ws/install/turtlesim_automata/share/turtlesim_automata/package.bash'
[0.844s] INFO:colcon.colcon_core.shell:Creating package script '/home/vella/ros2_ws/install/turtlesim_automata/share/turtlesim_automata/package.zsh'
[0.846s] Level 1:colcon.colcon_core.environment:create_file_with_runtime_dependencies(/home/vella/ros2_ws/install/turtlesim_automata/share/colcon-core/packages/turtlesim_automata)
[0.848s] DEBUG:colcon.colcon_parallel_executor.executor.parallel:closing loop
[0.855s] DEBUG:colcon.colcon_parallel_executor.executor.parallel:loop closed
[0.855s] DEBUG:colcon.colcon_parallel_executor.executor.parallel:run_until_complete finished with '0'
[0.855s] DEBUG:colcon.colcon_core.event_reactor:joining thread
[0.866s] INFO:colcon.colcon_core.plugin_system:Skipping extension 'colcon_notification.desktop_notification.terminal_notifier': Not used on non-Darwin systems
[0.866s] INFO:colcon.colcon_core.plugin_system:Skipping extension 'colcon_notification.desktop_notification.win32': Not used on non-Windows systems
[0.866s] INFO:colcon.colcon_notification.desktop_notification:Sending desktop notification using 'notify2'
[0.919s] DEBUG:colcon.colcon_core.event_reactor:joined thread
[0.920s] INFO:colcon.colcon_core.shell:Creating prefix script '/home/vella/ros2_ws/install/local_setup.ps1'
[0.921s] INFO:colcon.colcon_core.shell:Creating prefix util module '/home/vella/ros2_ws/install/_local_setup_util_ps1.py'
[0.923s] INFO:colcon.colcon_core.shell:Creating prefix chain script '/home/vella/ros2_ws/install/setup.ps1'
[0.924s] INFO:colcon.colcon_core.shell:Creating prefix script '/home/vella/ros2_ws/install/local_setup.sh'
[0.924s] INFO:colcon.colcon_core.shell:Creating prefix util module '/home/vella/ros2_ws/install/_local_setup_util_sh.py'
[0.925s] INFO:colcon.colcon_core.shell:Creating prefix chain script '/home/vella/ros2_ws/install/setup.sh'
[0.927s] INFO:colcon.colcon_core.shell:Creating prefix script '/home/vella/ros2_ws/install/local_setup.bash'
[0.928s] INFO:colcon.colcon_core.shell:Creating prefix chain script '/home/vella/ros2_ws/install/setup.bash'
[0.929s] INFO:colcon.colcon_core.shell:Creating prefix script '/home/vella/ros2_ws/install/local_setup.zsh'
[0.929s] INFO:colcon.colcon_core.shell:Creating prefix chain script '/home/vella/ros2_ws/install/setup.zsh'
