[0.193s] Invoking command in '/home/vella/Desktop/ros2_ws_2/build/turtlesim_automata': CMAKE_PREFIX_PATH=/opt/ros/humble /usr/bin/cmake --build /home/vella/Desktop/ros2_ws_2/build/turtlesim_automata -- -j7 -l7
[0.300s] [ 50%] [32mBuilding CXX object CMakeFiles/turtlesim_automata_node.dir/src/turtlesim_automata_node.cpp.o[0m
[7.593s] [100%] [32m[1mLinking CXX executable turtlesim_automata_node[0m
[8.046s] [100%] Built target turtlesim_automata_node
[8.061s] Invoked command in '/home/vella/Desktop/ros2_ws_2/build/turtlesim_automata' returned '0': CMAKE_PREFIX_PATH=/opt/ros/humble /usr/bin/cmake --build /home/vella/Desktop/ros2_ws_2/build/turtlesim_automata -- -j7 -l7
[8.135s] Invoking command in '/home/vella/Desktop/ros2_ws_2/build/turtlesim_automata': CMAKE_PREFIX_PATH=/opt/ros/humble /usr/bin/cmake --install /home/vella/Desktop/ros2_ws_2/build/turtlesim_automata
[8.146s] -- Install configuration: ""
[8.146s] -- Installing: /home/vella/Desktop/ros2_ws_2/install/turtlesim_automata/lib/turtlesim_automata/turtlesim_automata_node
[8.158s] -- Set runtime path of "/home/vella/Desktop/ros2_ws_2/install/turtlesim_automata/lib/turtlesim_automata/turtlesim_automata_node" to ""
[8.159s] -- Up-to-date: /home/vella/Desktop/ros2_ws_2/install/turtlesim_automata/share/ament_index/resource_index/package_run_dependencies/turtlesim_automata
[8.159s] -- Up-to-date: /home/vella/Desktop/ros2_ws_2/install/turtlesim_automata/share/ament_index/resource_index/parent_prefix_path/turtlesim_automata
[8.161s] -- Up-to-date: /home/vella/Desktop/ros2_ws_2/install/turtlesim_automata/share/turtlesim_automata/environment/ament_prefix_path.sh
[8.161s] -- Up-to-date: /home/vella/Desktop/ros2_ws_2/install/turtlesim_automata/share/turtlesim_automata/environment/ament_prefix_path.dsv
[8.161s] -- Up-to-date: /home/vella/Desktop/ros2_ws_2/install/turtlesim_automata/share/turtlesim_automata/environment/path.sh
[8.161s] -- Up-to-date: /home/vella/Desktop/ros2_ws_2/install/turtlesim_automata/share/turtlesim_automata/environment/path.dsv
[8.162s] -- Up-to-date: /home/vella/Desktop/ros2_ws_2/install/turtlesim_automata/share/turtlesim_automata/local_setup.bash
[8.162s] -- Up-to-date: /home/vella/Desktop/ros2_ws_2/install/turtlesim_automata/share/turtlesim_automata/local_setup.sh
[8.162s] -- Up-to-date: /home/vella/Desktop/ros2_ws_2/install/turtlesim_automata/share/turtlesim_automata/local_setup.zsh
[8.163s] -- Up-to-date: /home/vella/Desktop/ros2_ws_2/install/turtlesim_automata/share/turtlesim_automata/local_setup.dsv
[8.163s] -- Installing: /home/vella/Desktop/ros2_ws_2/install/turtlesim_automata/share/turtlesim_automata/package.dsv
[8.163s] -- Up-to-date: /home/vella/Desktop/ros2_ws_2/install/turtlesim_automata/share/ament_index/resource_index/packages/turtlesim_automata
[8.163s] -- Up-to-date: /home/vella/Desktop/ros2_ws_2/install/turtlesim_automata/share/turtlesim_automata/cmake/turtlesim_automataConfig.cmake
[8.166s] -- Up-to-date: /home/vella/Desktop/ros2_ws_2/install/turtlesim_automata/share/turtlesim_automata/cmake/turtlesim_automataConfig-version.cmake
[8.166s] -- Up-to-date: /home/vella/Desktop/ros2_ws_2/install/turtlesim_automata/share/turtlesim_automata/package.xml
[8.170s] Invoked command in '/home/vella/Desktop/ros2_ws_2/build/turtlesim_automata' returned '0': CMAKE_PREFIX_PATH=/opt/ros/humble /usr/bin/cmake --install /home/vella/Desktop/ros2_ws_2/build/turtlesim_automata
