[0.026s] Invoking command in '/home/vella/Desktop/ros2_ws_2/build/turtlesim_automata': CMAKE_PREFIX_PATH=/opt/ros/humble /usr/bin/cmake --build /home/vella/Desktop/ros2_ws_2/build/turtlesim_automata -- -j7 -l7
[0.087s] [35m[1mConsolidate compiler generated dependencies of target turtlesim_automata_node[0m
[0.123s] [ 50%] [32mBuilding CXX object CMakeFiles/turtlesim_automata_node.dir/src/turtlesim_automata_node.cpp.o[0m
[8.641s] [100%] [32m[1mLinking CXX executable turtlesim_automata_node[0m
[9.071s] [100%] Built target turtlesim_automata_node
[9.090s] Invoked command in '/home/vella/Desktop/ros2_ws_2/build/turtlesim_automata' returned '0': CMAKE_PREFIX_PATH=/opt/ros/humble /usr/bin/cmake --build /home/vella/Desktop/ros2_ws_2/build/turtlesim_automata -- -j7 -l7
[9.176s] Invoking command in '/home/vella/Desktop/ros2_ws_2/build/turtlesim_automata': CMAKE_PREFIX_PATH=/opt/ros/humble /usr/bin/cmake --install /home/vella/Desktop/ros2_ws_2/build/turtlesim_automata
[9.186s] -- Install configuration: ""
[9.186s] -- Installing: /home/vella/Desktop/ros2_ws_2/install/turtlesim_automata/lib/turtlesim_automata/turtlesim_automata_node
[9.204s] -- Set runtime path of "/home/vella/Desktop/ros2_ws_2/install/turtlesim_automata/lib/turtlesim_automata/turtlesim_automata_node" to ""
[9.204s] -- Up-to-date: /home/vella/Desktop/ros2_ws_2/install/turtlesim_automata/share/ament_index/resource_index/package_run_dependencies/turtlesim_automata
[9.204s] -- Up-to-date: /home/vella/Desktop/ros2_ws_2/install/turtlesim_automata/share/ament_index/resource_index/parent_prefix_path/turtlesim_automata
[9.217s] -- Up-to-date: /home/vella/Desktop/ros2_ws_2/install/turtlesim_automata/share/turtlesim_automata/environment/ament_prefix_path.sh
[9.218s] -- Up-to-date: /home/vella/Desktop/ros2_ws_2/install/turtlesim_automata/share/turtlesim_automata/environment/ament_prefix_path.dsv
[9.218s] -- Up-to-date: /home/vella/Desktop/ros2_ws_2/install/turtlesim_automata/share/turtlesim_automata/environment/path.sh
[9.218s] -- Up-to-date: /home/vella/Desktop/ros2_ws_2/install/turtlesim_automata/share/turtlesim_automata/environment/path.dsv
[9.218s] -- Up-to-date: /home/vella/Desktop/ros2_ws_2/install/turtlesim_automata/share/turtlesim_automata/local_setup.bash
[9.218s] -- Up-to-date: /home/vella/Desktop/ros2_ws_2/install/turtlesim_automata/share/turtlesim_automata/local_setup.sh
[9.218s] -- Up-to-date: /home/vella/Desktop/ros2_ws_2/install/turtlesim_automata/share/turtlesim_automata/local_setup.zsh
[9.219s] -- Up-to-date: /home/vella/Desktop/ros2_ws_2/install/turtlesim_automata/share/turtlesim_automata/local_setup.dsv
[9.219s] -- Installing: /home/vella/Desktop/ros2_ws_2/install/turtlesim_automata/share/turtlesim_automata/package.dsv
[9.219s] -- Up-to-date: /home/vella/Desktop/ros2_ws_2/install/turtlesim_automata/share/ament_index/resource_index/packages/turtlesim_automata
[9.219s] -- Up-to-date: /home/vella/Desktop/ros2_ws_2/install/turtlesim_automata/share/turtlesim_automata/cmake/turtlesim_automataConfig.cmake
[9.219s] -- Up-to-date: /home/vella/Desktop/ros2_ws_2/install/turtlesim_automata/share/turtlesim_automata/cmake/turtlesim_automataConfig-version.cmake
[9.219s] -- Up-to-date: /home/vella/Desktop/ros2_ws_2/install/turtlesim_automata/share/turtlesim_automata/package.xml
[9.222s] Invoked command in '/home/vella/Desktop/ros2_ws_2/build/turtlesim_automata' returned '0': CMAKE_PREFIX_PATH=/opt/ros/humble /usr/bin/cmake --install /home/vella/Desktop/ros2_ws_2/build/turtlesim_automata
