[0.020s] Invoking command in '/home/vella/ros2_ws/build/turtlesim_automata': CMAKE_PREFIX_PATH=/opt/ros/humble /usr/bin/cmake --build /home/vella/ros2_ws/build/turtlesim_automata -- -j7 -l7
[0.131s] [ 50%] [32mBuilding CXX object CMakeFiles/turtlesim_automata_node.dir/src/turtlesim_automata_node.cpp.o[0m
[13.808s] [100%] [32m[1mLinking CXX executable turtlesim_automata_node[0m
[14.206s] [100%] Built target turtlesim_automata_node
[14.254s] Invoked command in '/home/vella/ros2_ws/build/turtlesim_automata' returned '0': CMAKE_PREFIX_PATH=/opt/ros/humble /usr/bin/cmake --build /home/vella/ros2_ws/build/turtlesim_automata -- -j7 -l7
[14.335s] Invoking command in '/home/vella/ros2_ws/build/turtlesim_automata': CMAKE_PREFIX_PATH=/opt/ros/humble /usr/bin/cmake --install /home/vella/ros2_ws/build/turtlesim_automata
[14.344s] -- Install configuration: ""
[14.345s] -- Installing: /home/vella/ros2_ws/install/turtlesim_automata/lib/turtlesim_automata/turtlesim_automata_node
[14.374s] -- Set runtime path of "/home/vella/ros2_ws/install/turtlesim_automata/lib/turtlesim_automata/turtlesim_automata_node" to ""
[14.374s] -- Up-to-date: /home/vella/ros2_ws/install/turtlesim_automata/share/ament_index/resource_index/package_run_dependencies/turtlesim_automata
[14.374s] -- Up-to-date: /home/vella/ros2_ws/install/turtlesim_automata/share/ament_index/resource_index/parent_prefix_path/turtlesim_automata
[14.375s] -- Up-to-date: /home/vella/ros2_ws/install/turtlesim_automata/share/turtlesim_automata/environment/ament_prefix_path.sh
[14.375s] -- Up-to-date: /home/vella/ros2_ws/install/turtlesim_automata/share/turtlesim_automata/environment/ament_prefix_path.dsv
[14.375s] -- Up-to-date: /home/vella/ros2_ws/install/turtlesim_automata/share/turtlesim_automata/environment/path.sh
[14.375s] -- Up-to-date: /home/vella/ros2_ws/install/turtlesim_automata/share/turtlesim_automata/environment/path.dsv
[14.375s] -- Up-to-date: /home/vella/ros2_ws/install/turtlesim_automata/share/turtlesim_automata/local_setup.bash
[14.375s] -- Up-to-date: /home/vella/ros2_ws/install/turtlesim_automata/share/turtlesim_automata/local_setup.sh
[14.375s] -- Up-to-date: /home/vella/ros2_ws/install/turtlesim_automata/share/turtlesim_automata/local_setup.zsh
[14.376s] -- Up-to-date: /home/vella/ros2_ws/install/turtlesim_automata/share/turtlesim_automata/local_setup.dsv
[14.376s] -- Installing: /home/vella/ros2_ws/install/turtlesim_automata/share/turtlesim_automata/package.dsv
[14.376s] -- Up-to-date: /home/vella/ros2_ws/install/turtlesim_automata/share/ament_index/resource_index/packages/turtlesim_automata
[14.376s] -- Up-to-date: /home/vella/ros2_ws/install/turtlesim_automata/share/turtlesim_automata/cmake/turtlesim_automataConfig.cmake
[14.376s] -- Up-to-date: /home/vella/ros2_ws/install/turtlesim_automata/share/turtlesim_automata/cmake/turtlesim_automataConfig-version.cmake
[14.376s] -- Up-to-date: /home/vella/ros2_ws/install/turtlesim_automata/share/turtlesim_automata/package.xml
[14.379s] Invoked command in '/home/vella/ros2_ws/build/turtlesim_automata' returned '0': CMAKE_PREFIX_PATH=/opt/ros/humble /usr/bin/cmake --install /home/vella/ros2_ws/build/turtlesim_automata
